<?xml version="1.0" encoding="UTF-8"?>
<!-- Generated by org.testng.reporters.JUnitXMLReporter -->
<testsuite ignored="9" hostname="DESKTOP-346RFLV" failures="2" tests="28" name="UI Testing" time="47.439" errors="0" timestamp="2022-10-13T12:10:39 EDT">
  <testcase classname="ui.SkipDemoTest" name="skipTest2" time="0.011">
    <skipped/>
  </testcase> <!-- skipTest2 -->
  <testcase classname="ui.SkipDemoTest" name="skipTest3" time="0.004">
    <skipped/>
  </testcase> <!-- skipTest3 -->
  <testcase classname="ui.VerifyTitleAndTextTest2" name="titleTest" time="10.706">
    <failure type="java.lang.AssertionError" message="The following asserts failed:
	Title verification failed -- expected [Electronics, fty Cars, Fashion, Collectibles &amp;amp; More | eBay] but found [Electronics, Cars, Fashion, Collectibles &amp;amp; More | eBay],
	Text verification failed -- expected [xdds Search] but found [Search]">
      <![CDATA[java.lang.AssertionError: The following asserts failed:
Title verification failed -- expected [Electronics, fty Cars, Fashion, Collectibles & More | eBay] but found [Electronics, Cars, Fashion, Collectibles & More | eBay],
Text verification failed -- expected [xdds Search] but found [Search]
at ui.VerifyTitleAndTextTest2.titleTest(VerifyTitleAndTextTest2.java:41)
at java.base/java.util.ArrayList.forEach(ArrayList.java:1511)
... Removed 30 stack frames]]>
    </failure>
  </testcase> <!-- titleTest -->
  <testcase classname="ui.LoginTest" name="bTest1" time="0.003"/>
  <testcase classname="ui.LoginTest" name="aTest2" time="0.001"/>
  <testcase classname="ui.DataProviderDemoTest" name="test" time="0.05"/>
  <testcase classname="ui.DataProviderDemoTest" name="test" time="0.003"/>
  <testcase classname="ui.DataProviderDemoTest" name="test" time="0.012"/>
  <testcase classname="ui.DataProviderDemoTest" name="test" time="0.002"/>
  <testcase classname="ui.DataProviderDemoTest" name="test1" time="0.003"/>
  <testcase classname="ui.DataProviderDemoTest" name="test1" time="0.005"/>
  <testcase classname="ui.DataProviderDemoTest" name="test1" time="0.001"/>
  <testcase classname="ui.DataProviderDemoTest" name="test1" time="0.002"/>
  <testcase classname="ui.DataProviderDemoTest" name="test2" time="0.015"/>
  <testcase classname="ui.DataProviderDemoTest" name="test2" time="0.002"/>
  <testcase classname="ui.DataProviderDemoTest" name="test2" time="0.004"/>
  <testcase classname="ui.DataProviderDemoTest" name="test2" time="0.001"/>
  <testcase classname="ui.GroupsDemoTest" name="cTest3" time="0.002"/>
  <testcase classname="ui.GroupsDemoTest" name="dTest4" time="0.001"/>
  <testcase classname="ui.GroupsDemoTest" name="aTest1" time="0.001"/>
  <testcase classname="ui.GroupsDemoTest" name="bTest2" time="0.001"/>
  <testcase classname="ui.VerifyTitleTest" name="titleTest" time="7.28"/>
  <testcase classname="ui.DataProviderDemoTest2" name="test" time="6.378"/>
  <testcase classname="ui.DataProviderDemoTest2" name="test" time="5.747"/>
  <testcase classname="ui.DataProviderDemoTest2" name="test" time="6.465"/>
  <testcase classname="ui.DataProviderDemoTest2" name="test" time="10.495"/>
  <testcase classname="ui.SoftAssertTest" name="Test1" time="0.001">
    <failure type="java.lang.AssertionError" message="The following asserts failed:
	Test Failed-- expected [Welcome] but found [wel]">
      <![CDATA[java.lang.AssertionError: The following asserts failed:
Test Failed-- expected [Welcome] but found [wel]
at ui.SoftAssertTest.Test1(SoftAssertTest.java:17)
at java.base/java.util.ArrayList.forEach(ArrayList.java:1511)
... Removed 30 stack frames]]>
    </failure>
  </testcase> <!-- Test1 -->
  <testcase classname="ui.SoftAssertTest" name="Test2" time="0.002"/>
  <testcase classname="common.CommonDataSetup" name="@AfterSuite dataCleanup" time="0.0">
    <ignored/>
  </testcase> <!-- @AfterSuite dataCleanup -->
  <testcase classname="common.CommonDataSetup" name="@AfterSuite dataCleanup" time="0.0">
    <ignored/>
  </testcase> <!-- @AfterSuite dataCleanup -->
  <testcase classname="common.CommonDataSetup" name="@AfterSuite dataCleanup" time="0.0">
    <ignored/>
  </testcase> <!-- @AfterSuite dataCleanup -->
  <testcase classname="common.CommonDataSetup" name="@AfterSuite dataCleanup" time="0.0">
    <ignored/>
  </testcase> <!-- @AfterSuite dataCleanup -->
  <testcase classname="ui.SkipDemoTest" name="skipTest1" time="0.0">
    <ignored/>
  </testcase> <!-- skipTest1 -->
  <testcase classname="common.CommonDataSetup" name="@BeforeSuite dataSetup" time="0.0">
    <ignored/>
  </testcase> <!-- @BeforeSuite dataSetup -->
  <testcase classname="common.CommonDataSetup" name="@BeforeSuite dataSetup" time="0.0">
    <ignored/>
  </testcase> <!-- @BeforeSuite dataSetup -->
  <testcase classname="common.CommonDataSetup" name="@BeforeSuite dataSetup" time="0.0">
    <ignored/>
  </testcase> <!-- @BeforeSuite dataSetup -->
  <testcase classname="common.CommonDataSetup" name="@BeforeSuite dataSetup" time="0.0">
    <ignored/>
  </testcase> <!-- @BeforeSuite dataSetup -->
</testsuite> <!-- UI Testing -->
