<html>
<head>
<title>TestNG:  UI Testing</title>
<link href="../testng.css" rel="stylesheet" type="text/css" />
<link href="../my-testng.css" rel="stylesheet" type="text/css" />

<style type="text/css">
.log { display: none;} 
.stack-trace { display: none;} 
</style>
<script type="text/javascript">
<!--
function flip(e) {
  current = e.style.display;
  if (current == 'block') {
    e.style.display = 'none';
    return 0;
  }
  else {
    e.style.display = 'block';
    return 1;
  }
}

function toggleBox(szDivId, elem, msg1, msg2)
{
  var res = -1;  if (document.getElementById) {
    res = flip(document.getElementById(szDivId));
  }
  else if (document.all) {
    // this is the way old msie versions work
    res = flip(document.all[szDivId]);
  }
  if(elem) {
    if(res == 0) elem.innerHTML = msg1; else elem.innerHTML = msg2;
  }

}

function toggleAllBoxes() {
  if (document.getElementsByTagName) {
    d = document.getElementsByTagName('div');
    for (i = 0; i < d.length; i++) {
      if (d[i].className == 'log') {
        flip(d[i]);
      }
    }
  }
}

// -->
</script>

</head>
<body>
<h2 align='center'>UI Testing</h2><table border='1' align="center">
<tr>
<td>Tests passed/Failed/Skipped:</td><td>24/2/2</td>
</tr><tr>
<td>Started on:</td><td>Thu Oct 13 12:09:52 EDT 2022</td>
</tr>
<tr><td>Total time:</td><td>47 seconds (47439 ms)</td>
</tr><tr>
<td>Included groups:</td><td></td>
</tr><tr>
<td>Excluded groups:</td><td></td>
</tr>
</table><p/>
<small><i>(Hover the method name to see the test class name)</i></small><p/>
<table width='100%' border='1' class='invocation-failed'>
<tr><td colspan='4' align='center'><b>FAILED TESTS</b></td></tr>
<tr><td><b>Test method</b></td>
<td width="30%"><b>Exception</b></td>
<td width="10%"><b>Time (seconds)</b></td>
<td><b>Instance</b></td>
</tr>
<tr>
<td title='ui.SoftAssertTest.Test1()'><b>Test1</b><br>Test class: ui.SoftAssertTest</td>
<td><div><pre>java.lang.AssertionError: The following asserts failed:
	Test Failed-- expected [Welcome] but found [wel]
	at ui.SoftAssertTest.Test1(SoftAssertTest.java:17)
	at java.base/java.util.ArrayList.forEach(ArrayList.java:1511)
... Removed 30 stack frames</pre></div><a href='#' onClick='toggleBox("stack-trace1343293809", this, "Click to show all stack frames", "Click to hide stack frames")'>Click to show all stack frames</a>
<div class='stack-trace' id='stack-trace1343293809'><pre>java.lang.AssertionError: The following asserts failed:
	Test Failed-- expected [Welcome] but found [wel]
	at org.testng.asserts.SoftAssert.assertAll(SoftAssert.java:47)
	at org.testng.asserts.SoftAssert.assertAll(SoftAssert.java:31)
	at ui.SoftAssertTest.Test1(SoftAssertTest.java:17)
	at java.base/jdk.internal.reflect.NativeMethodAccessorImpl.invoke0(Native Method)
	at java.base/jdk.internal.reflect.NativeMethodAccessorImpl.invoke(NativeMethodAccessorImpl.java:77)
	at java.base/jdk.internal.reflect.DelegatingMethodAccessorImpl.invoke(DelegatingMethodAccessorImpl.java:43)
	at java.base/java.lang.reflect.Method.invoke(Method.java:568)
	at org.testng.internal.MethodInvocationHelper.invokeMethod(MethodInvocationHelper.java:133)
	at org.testng.internal.TestInvoker.invokeMethod(TestInvoker.java:598)
	at org.testng.internal.TestInvoker.invokeTestMethod(TestInvoker.java:173)
	at org.testng.internal.MethodRunner.runInSequence(MethodRunner.java:46)
	at org.testng.internal.TestInvoker$MethodInvocationAgent.invoke(TestInvoker.java:824)
	at org.testng.internal.TestInvoker.invokeTestMethods(TestInvoker.java:146)
	at org.testng.internal.TestMethodWorker.invokeTestMethods(TestMethodWorker.java:146)
	at org.testng.internal.TestMethodWorker.run(TestMethodWorker.java:128)
	at java.base/java.util.ArrayList.forEach(ArrayList.java:1511)
	at org.testng.TestRunner.privateRun(TestRunner.java:794)
	at org.testng.TestRunner.run(TestRunner.java:596)
	at org.testng.SuiteRunner.runTest(SuiteRunner.java:377)
	at org.testng.SuiteRunner.runSequentially(SuiteRunner.java:371)
	at org.testng.SuiteRunner.privateRun(SuiteRunner.java:332)
	at org.testng.SuiteRunner.run(SuiteRunner.java:276)
	at org.testng.SuiteRunnerWorker.runSuite(SuiteRunnerWorker.java:53)
	at org.testng.SuiteRunnerWorker.run(SuiteRunnerWorker.java:96)
	at org.testng.TestNG.runSuitesSequentially(TestNG.java:1212)
	at org.testng.TestNG.runSuitesSequentially(TestNG.java:1207)
	at org.testng.TestNG.runSuitesLocally(TestNG.java:1134)
	at org.testng.TestNG.runSuites(TestNG.java:1063)
	at org.testng.TestNG.run(TestNG.java:1031)
	at org.testng.remote.AbstractRemoteTestNG.run(AbstractRemoteTestNG.java:115)
	at org.testng.remote.RemoteTestNG.initAndRun(RemoteTestNG.java:251)
	at org.testng.remote.RemoteTestNG.main(RemoteTestNG.java:77)
</pre></div></td>
<td>0</td>
<td>ui.SoftAssertTest@639c2c1d</td></tr>
<tr>
<td title='ui.VerifyTitleAndTextTest2.titleTest()'><b>titleTest</b><br>Test class: ui.VerifyTitleAndTextTest2</td>
<td><div><pre>java.lang.AssertionError: The following asserts failed:
	Title verification failed -- expected [Electronics, fty Cars, Fashion, Collectibles &amp; More | eBay] but found [Electronics, Cars, Fashion, Collectibles &amp; More | eBay],
	Text verification failed -- expected [xdds Search] but found [Search]
	at ui.VerifyTitleAndTextTest2.titleTest(VerifyTitleAndTextTest2.java:41)
	at java.base/java.util.ArrayList.forEach(ArrayList.java:1511)
... Removed 30 stack frames</pre></div><a href='#' onClick='toggleBox("stack-trace1790831630", this, "Click to show all stack frames", "Click to hide stack frames")'>Click to show all stack frames</a>
<div class='stack-trace' id='stack-trace1790831630'><pre>java.lang.AssertionError: The following asserts failed:
	Title verification failed -- expected [Electronics, fty Cars, Fashion, Collectibles &amp; More | eBay] but found [Electronics, Cars, Fashion, Collectibles &amp; More | eBay],
	Text verification failed -- expected [xdds Search] but found [Search]
	at org.testng.asserts.SoftAssert.assertAll(SoftAssert.java:47)
	at org.testng.asserts.SoftAssert.assertAll(SoftAssert.java:31)
	at ui.VerifyTitleAndTextTest2.titleTest(VerifyTitleAndTextTest2.java:41)
	at java.base/jdk.internal.reflect.NativeMethodAccessorImpl.invoke0(Native Method)
	at java.base/jdk.internal.reflect.NativeMethodAccessorImpl.invoke(NativeMethodAccessorImpl.java:77)
	at java.base/jdk.internal.reflect.DelegatingMethodAccessorImpl.invoke(DelegatingMethodAccessorImpl.java:43)
	at java.base/java.lang.reflect.Method.invoke(Method.java:568)
	at org.testng.internal.MethodInvocationHelper.invokeMethod(MethodInvocationHelper.java:133)
	at org.testng.internal.TestInvoker.invokeMethod(TestInvoker.java:598)
	at org.testng.internal.TestInvoker.invokeTestMethod(TestInvoker.java:173)
	at org.testng.internal.MethodRunner.runInSequence(MethodRunner.java:46)
	at org.testng.internal.TestInvoker$MethodInvocationAgent.invoke(TestInvoker.java:824)
	at org.testng.internal.TestInvoker.invokeTestMethods(TestInvoker.java:146)
	at org.testng.internal.TestMethodWorker.invokeTestMethods(TestMethodWorker.java:146)
	at org.testng.internal.TestMethodWorker.run(TestMethodWorker.java:128)
	at java.base/java.util.ArrayList.forEach(ArrayList.java:1511)
	at org.testng.TestRunner.privateRun(TestRunner.java:794)
	at org.testng.TestRunner.run(TestRunner.java:596)
	at org.testng.SuiteRunner.runTest(SuiteRunner.java:377)
	at org.testng.SuiteRunner.runSequentially(SuiteRunner.java:371)
	at org.testng.SuiteRunner.privateRun(SuiteRunner.java:332)
	at org.testng.SuiteRunner.run(SuiteRunner.java:276)
	at org.testng.SuiteRunnerWorker.runSuite(SuiteRunnerWorker.java:53)
	at org.testng.SuiteRunnerWorker.run(SuiteRunnerWorker.java:96)
	at org.testng.TestNG.runSuitesSequentially(TestNG.java:1212)
	at org.testng.TestNG.runSuitesSequentially(TestNG.java:1207)
	at org.testng.TestNG.runSuitesLocally(TestNG.java:1134)
	at org.testng.TestNG.runSuites(TestNG.java:1063)
	at org.testng.TestNG.run(TestNG.java:1031)
	at org.testng.remote.AbstractRemoteTestNG.run(AbstractRemoteTestNG.java:115)
	at org.testng.remote.RemoteTestNG.initAndRun(RemoteTestNG.java:251)
	at org.testng.remote.RemoteTestNG.main(RemoteTestNG.java:77)
</pre></div></td>
<td>10</td>
<td>ui.VerifyTitleAndTextTest2@47eaca72</td></tr>
</table><p>
<table width='100%' border='1' class='invocation-passed'>
<tr><td colspan='4' align='center'><b>PASSED TESTS</b></td></tr>
<tr><td><b>Test method</b></td>
<td width="30%"><b>Exception</b></td>
<td width="10%"><b>Time (seconds)</b></td>
<td><b>Instance</b></td>
</tr>
<tr>
<td title='ui.DataProviderDemoTest2.test()'><b>test</b><br>Test class: ui.DataProviderDemoTest2<br>Parameters: locked_out_user, secret_sauce</td>
<td></td>
<td>5</td>
<td>ui.DataProviderDemoTest2@515c6049</td></tr>
<tr>
<td title='ui.DataProviderDemoTest2.test()'><b>test</b><br>Test class: ui.DataProviderDemoTest2<br>Parameters: standard_user, secret_sauce</td>
<td></td>
<td>6</td>
<td>ui.DataProviderDemoTest2@515c6049</td></tr>
<tr>
<td title='ui.DataProviderDemoTest.test1()'><b>test1</b><br>Test class: ui.DataProviderDemoTest<br>Parameters: Username4, password4, test4</td>
<td></td>
<td>0</td>
<td>ui.DataProviderDemoTest@235834f2</td></tr>
<tr>
<td title='ui.DataProviderDemoTest.test1()'><b>test1</b><br>Test class: ui.DataProviderDemoTest<br>Parameters: Username3, password3, test3</td>
<td></td>
<td>0</td>
<td>ui.DataProviderDemoTest@235834f2</td></tr>
<tr>
<td title='ui.GroupsDemoTest.dTest4()'><b>dTest4</b><br>Test class: ui.GroupsDemoTest</td>
<td></td>
<td>0</td>
<td>ui.GroupsDemoTest@4218d6a3</td></tr>
<tr>
<td title='ui.LoginTest.aTest2()'><b>aTest2</b><br>Test class: ui.LoginTest<br>Test method: Testing 2</td>
<td></td>
<td>0</td>
<td>ui.LoginTest@55141def</td></tr>
<tr>
<td title='ui.DataProviderDemoTest.test1()'><b>test1</b><br>Test class: ui.DataProviderDemoTest<br>Parameters: Username1, password1, test1</td>
<td></td>
<td>0</td>
<td>ui.DataProviderDemoTest@235834f2</td></tr>
<tr>
<td title='ui.DataProviderDemoTest.test()'><b>test</b><br>Test class: ui.DataProviderDemoTest<br>Parameters: Username2, password2</td>
<td></td>
<td>0</td>
<td>ui.DataProviderDemoTest@235834f2</td></tr>
<tr>
<td title='ui.DataProviderDemoTest.test1()'><b>test1</b><br>Test class: ui.DataProviderDemoTest<br>Parameters: Username2, password2, test2</td>
<td></td>
<td>0</td>
<td>ui.DataProviderDemoTest@235834f2</td></tr>
<tr>
<td title='ui.DataProviderDemoTest.test2()'><b>test2</b><br>Test class: ui.DataProviderDemoTest<br>Parameters: Username4, password4, test4, 40</td>
<td></td>
<td>0</td>
<td>ui.DataProviderDemoTest@235834f2</td></tr>
<tr>
<td title='ui.GroupsDemoTest.aTest1()'><b>aTest1</b><br>Test class: ui.GroupsDemoTest</td>
<td></td>
<td>0</td>
<td>ui.GroupsDemoTest@4218d6a3</td></tr>
<tr>
<td title='ui.DataProviderDemoTest.test()'><b>test</b><br>Test class: ui.DataProviderDemoTest<br>Parameters: Username4, password4</td>
<td></td>
<td>0</td>
<td>ui.DataProviderDemoTest@235834f2</td></tr>
<tr>
<td title='ui.DataProviderDemoTest.test2()'><b>test2</b><br>Test class: ui.DataProviderDemoTest<br>Parameters: Username3, password3, test3, 32</td>
<td></td>
<td>0</td>
<td>ui.DataProviderDemoTest@235834f2</td></tr>
<tr>
<td title='ui.VerifyTitleTest.titleTest()'><b>titleTest</b><br>Test class: ui.VerifyTitleTest</td>
<td></td>
<td>7</td>
<td>ui.VerifyTitleTest@33d512c1</td></tr>
<tr>
<td title='ui.DataProviderDemoTest.test2()'><b>test2</b><br>Test class: ui.DataProviderDemoTest<br>Parameters: Username2, password2, test2, 29</td>
<td></td>
<td>0</td>
<td>ui.DataProviderDemoTest@235834f2</td></tr>
<tr>
<td title='ui.DataProviderDemoTest2.test()'><b>test</b><br>Test class: ui.DataProviderDemoTest2<br>Parameters: performance_glitch_user, secret_sauce</td>
<td></td>
<td>10</td>
<td>ui.DataProviderDemoTest2@515c6049</td></tr>
<tr>
<td title='ui.LoginTest.bTest1()'><b>bTest1</b><br>Test class: ui.LoginTest<br>Test method: Testing 1</td>
<td></td>
<td>0</td>
<td>ui.LoginTest@55141def</td></tr>
<tr>
<td title='ui.DataProviderDemoTest.test()'><b>test</b><br>Test class: ui.DataProviderDemoTest<br>Parameters: Username3, password3</td>
<td></td>
<td>0</td>
<td>ui.DataProviderDemoTest@235834f2</td></tr>
<tr>
<td title='ui.GroupsDemoTest.bTest2()'><b>bTest2</b><br>Test class: ui.GroupsDemoTest</td>
<td></td>
<td>0</td>
<td>ui.GroupsDemoTest@4218d6a3</td></tr>
<tr>
<td title='ui.GroupsDemoTest.cTest3()'><b>cTest3</b><br>Test class: ui.GroupsDemoTest</td>
<td></td>
<td>0</td>
<td>ui.GroupsDemoTest@4218d6a3</td></tr>
<tr>
<td title='ui.DataProviderDemoTest.test()'><b>test</b><br>Test class: ui.DataProviderDemoTest<br>Parameters: Username1, password1</td>
<td></td>
<td>0</td>
<td>ui.DataProviderDemoTest@235834f2</td></tr>
<tr>
<td title='ui.DataProviderDemoTest.test2()'><b>test2</b><br>Test class: ui.DataProviderDemoTest<br>Parameters: Username1, password1, test1, 25</td>
<td></td>
<td>0</td>
<td>ui.DataProviderDemoTest@235834f2</td></tr>
<tr>
<td title='ui.SoftAssertTest.Test2()'><b>Test2</b><br>Test class: ui.SoftAssertTest</td>
<td></td>
<td>0</td>
<td>ui.SoftAssertTest@639c2c1d</td></tr>
<tr>
<td title='ui.DataProviderDemoTest2.test()'><b>test</b><br>Test class: ui.DataProviderDemoTest2<br>Parameters: problem_user, secret_sauce</td>
<td></td>
<td>6</td>
<td>ui.DataProviderDemoTest2@515c6049</td></tr>
</table><p>
<table width='100%' border='1' class='invocation-skipped'>
<tr><td colspan='4' align='center'><b>SKIPPED TESTS</b></td></tr>
<tr><td><b>Test method</b></td>
<td width="30%"><b>Exception</b></td>
<td width="10%"><b>Time (seconds)</b></td>
<td><b>Instance</b></td>
</tr>
<tr>
<td title='ui.SkipDemoTest.skipTest2()'><b>skipTest2</b><br>Test class: ui.SkipDemoTest</td>
<td><div><pre>org.testng.SkipException: Skip this Test
	at ui.SkipDemoTest.skipTest2(SkipDemoTest.java:20)
	at java.base/java.util.ArrayList.forEach(ArrayList.java:1511)
... Removed 28 stack frames</pre></div><a href='#' onClick='toggleBox("stack-trace1600667055", this, "Click to show all stack frames", "Click to hide stack frames")'>Click to show all stack frames</a>
<div class='stack-trace' id='stack-trace1600667055'><pre>org.testng.SkipException: Skip this Test
	at ui.SkipDemoTest.skipTest2(SkipDemoTest.java:20)
	at java.base/jdk.internal.reflect.NativeMethodAccessorImpl.invoke0(Native Method)
	at java.base/jdk.internal.reflect.NativeMethodAccessorImpl.invoke(NativeMethodAccessorImpl.java:77)
	at java.base/jdk.internal.reflect.DelegatingMethodAccessorImpl.invoke(DelegatingMethodAccessorImpl.java:43)
	at java.base/java.lang.reflect.Method.invoke(Method.java:568)
	at org.testng.internal.MethodInvocationHelper.invokeMethod(MethodInvocationHelper.java:133)
	at org.testng.internal.TestInvoker.invokeMethod(TestInvoker.java:598)
	at org.testng.internal.TestInvoker.invokeTestMethod(TestInvoker.java:173)
	at org.testng.internal.MethodRunner.runInSequence(MethodRunner.java:46)
	at org.testng.internal.TestInvoker$MethodInvocationAgent.invoke(TestInvoker.java:824)
	at org.testng.internal.TestInvoker.invokeTestMethods(TestInvoker.java:146)
	at org.testng.internal.TestMethodWorker.invokeTestMethods(TestMethodWorker.java:146)
	at org.testng.internal.TestMethodWorker.run(TestMethodWorker.java:128)
	at java.base/java.util.ArrayList.forEach(ArrayList.java:1511)
	at org.testng.TestRunner.privateRun(TestRunner.java:794)
	at org.testng.TestRunner.run(TestRunner.java:596)
	at org.testng.SuiteRunner.runTest(SuiteRunner.java:377)
	at org.testng.SuiteRunner.runSequentially(SuiteRunner.java:371)
	at org.testng.SuiteRunner.privateRun(SuiteRunner.java:332)
	at org.testng.SuiteRunner.run(SuiteRunner.java:276)
	at org.testng.SuiteRunnerWorker.runSuite(SuiteRunnerWorker.java:53)
	at org.testng.SuiteRunnerWorker.run(SuiteRunnerWorker.java:96)
	at org.testng.TestNG.runSuitesSequentially(TestNG.java:1212)
	at org.testng.TestNG.runSuitesSequentially(TestNG.java:1207)
	at org.testng.TestNG.runSuitesLocally(TestNG.java:1134)
	at org.testng.TestNG.runSuites(TestNG.java:1063)
	at org.testng.TestNG.run(TestNG.java:1031)
	at org.testng.remote.AbstractRemoteTestNG.run(AbstractRemoteTestNG.java:115)
	at org.testng.remote.RemoteTestNG.initAndRun(RemoteTestNG.java:251)
	at org.testng.remote.RemoteTestNG.main(RemoteTestNG.java:77)
</pre></div></td>
<td>0</td>
<td>ui.SkipDemoTest@7e07db1f</td></tr>
<tr>
<td title='ui.SkipDemoTest.skipTest3()'><b>skipTest3</b><br>Test class: ui.SkipDemoTest</td>
<td><div><pre>org.testng.SkipException: Do not execute further steps
	at ui.SkipDemoTest.skipTest3(SkipDemoTest.java:34)
	at java.base/java.util.ArrayList.forEach(ArrayList.java:1511)
... Removed 28 stack frames</pre></div><a href='#' onClick='toggleBox("stack-trace773662650", this, "Click to show all stack frames", "Click to hide stack frames")'>Click to show all stack frames</a>
<div class='stack-trace' id='stack-trace773662650'><pre>org.testng.SkipException: Do not execute further steps
	at ui.SkipDemoTest.skipTest3(SkipDemoTest.java:34)
	at java.base/jdk.internal.reflect.NativeMethodAccessorImpl.invoke0(Native Method)
	at java.base/jdk.internal.reflect.NativeMethodAccessorImpl.invoke(NativeMethodAccessorImpl.java:77)
	at java.base/jdk.internal.reflect.DelegatingMethodAccessorImpl.invoke(DelegatingMethodAccessorImpl.java:43)
	at java.base/java.lang.reflect.Method.invoke(Method.java:568)
	at org.testng.internal.MethodInvocationHelper.invokeMethod(MethodInvocationHelper.java:133)
	at org.testng.internal.TestInvoker.invokeMethod(TestInvoker.java:598)
	at org.testng.internal.TestInvoker.invokeTestMethod(TestInvoker.java:173)
	at org.testng.internal.MethodRunner.runInSequence(MethodRunner.java:46)
	at org.testng.internal.TestInvoker$MethodInvocationAgent.invoke(TestInvoker.java:824)
	at org.testng.internal.TestInvoker.invokeTestMethods(TestInvoker.java:146)
	at org.testng.internal.TestMethodWorker.invokeTestMethods(TestMethodWorker.java:146)
	at org.testng.internal.TestMethodWorker.run(TestMethodWorker.java:128)
	at java.base/java.util.ArrayList.forEach(ArrayList.java:1511)
	at org.testng.TestRunner.privateRun(TestRunner.java:794)
	at org.testng.TestRunner.run(TestRunner.java:596)
	at org.testng.SuiteRunner.runTest(SuiteRunner.java:377)
	at org.testng.SuiteRunner.runSequentially(SuiteRunner.java:371)
	at org.testng.SuiteRunner.privateRun(SuiteRunner.java:332)
	at org.testng.SuiteRunner.run(SuiteRunner.java:276)
	at org.testng.SuiteRunnerWorker.runSuite(SuiteRunnerWorker.java:53)
	at org.testng.SuiteRunnerWorker.run(SuiteRunnerWorker.java:96)
	at org.testng.TestNG.runSuitesSequentially(TestNG.java:1212)
	at org.testng.TestNG.runSuitesSequentially(TestNG.java:1207)
	at org.testng.TestNG.runSuitesLocally(TestNG.java:1134)
	at org.testng.TestNG.runSuites(TestNG.java:1063)
	at org.testng.TestNG.run(TestNG.java:1031)
	at org.testng.remote.AbstractRemoteTestNG.run(AbstractRemoteTestNG.java:115)
	at org.testng.remote.RemoteTestNG.initAndRun(RemoteTestNG.java:251)
	at org.testng.remote.RemoteTestNG.main(RemoteTestNG.java:77)
</pre></div></td>
<td>0</td>
<td>ui.SkipDemoTest@7e07db1f</td></tr>
</table><p>
</body>
</html>