<?xml version="1.0" encoding="ISO-8859-1" ?>
<!DOCTYPE html PUBLIC "-//W3C//DTD XHTML 1.0 Strict//EN"
"http://www.w3.org/TR/xhtml1/DTD/xhtml1-strict.dtd">
<html xmlns="http://www.w3.org/1999/xhtml" xml:lang="en" lang="en">
<head>
  <meta http-equiv="Content-Type" content="text/html;charset=utf-8" />
  <meta name="description" content="TestNG unit test results." />
  <link href="css/bootstrap.min.css" rel="stylesheet" />
  <link href="css/reportngClass.css" rel="stylesheet" />
  <script type="text/javascript" src="js/reportngClass.js"></script>
  <script type="text/javascript" src="js/jquery-1.4.4.min.js"></script> 
  <script type="text/javascript" src="js/jquery.tablesorter.min.js"></script>
  <script type="text/javascript" src="js/json-min.js"></script>
  <script type="text/javascript">
	$(document).ready(function(){
		$('.tablesorter').tablesorter({sortList: [[0,0]]});
	});
  </script>
</head>
<body onload="doParse(); return false;" onkeypress="collapseExpand();">
<div class="well well-large">
	<b>Test Info</>
	<table class="table">
	  <tr>
	    <th>Test Name : </th>
	    <th>
	    	<div class="tooltipCustom">
	    		<img src="images/copy.png" width="10" height="15" alt="Copy to Clipboard" onclick="copyToClipboard('#testNameId')"/>
	    		<span class="tooltiptextCustom">Copy Test name</span>
			</div>
	    </th>
	    <th id="testNameId">Reporter Testing</th> 
	  </tr>
	  <tr>
	    <th>Test Class : </th>
	    <th>
	    	<div class="tooltipCustom">
	    		<img src="images/copy.png" width="10" height="15" alt="Copy to Clipboard" onclick="copyToClipboard('#testClassId')"/>
	    		<span class="tooltiptextCustom">Copy full path Class name</span>
			</div>
	    	<div class="tooltipCustom">
	    		<img src="images/copy.png" width="10" height="15" alt="Copy to Clipboard" onclick="copyToClipboard('#testClassNameId')"/>
	    		<span class="tooltiptextCustom">Copy Class name</span>
			</div>
	    </th> 
	    <th id="testClassId">ui.ReportersTest</th>
	    <th id="testClassNameId" hidden="true">ReportersTest</th>
	  </tr>
	  <tr>
	    <th>Suite Name : </th>
	    <th>
	    	<div class="tooltipCustom">
	    		<img src="images/copy.png" width="10" height="15" alt="Copy to Clipboard" onclick="copyToClipboard('#suiteNameId')"/>
	    		<span class="tooltiptextCustom">Copy Suite name</span>
			</div>
		</th>
	    <th id="suiteNameId">Reporters Test Suite</th>
	  </tr>
	  <tr>
	    <th>Suite XML : </th>
	    <th>
	    	<div class="tooltipCustom">
	    		<img src="images/copy.png" width="10" height="15" alt="Copy to Clipboard" onclick="copyToClipboard('#suiteXMLId')"/>
	    		<span class="tooltiptextCustom">Copy Suite full path name</span>
			</div>
	    	<div class="tooltipCustom">
	    		<img src="images/copy.png" width="10" height="15" alt="Copy to Clipboard" onclick="copyToClipboard('#suiteXMLNameId')"/>
	    		<span class="tooltiptextCustom">Copy Suite file name</span>
			</div>
	    </th> 
	  	<th id="suiteXMLId">C:\Sheetal\QA_training\eclipse-workspace\TestNGLearning\testngReporter.xml</th>
	  	<th id="suiteXMLNameId" hidden="true">testngReporter.xml</th>
	  </tr>
	  	  <tr>
	    <th>Total Time : </th>
	    <th></th>
	    <th>00:00:00</th> 
	  </tr>
	  <tr>
	    <th>Total Steps : </th>
	   	<th></th>
	    <th>4</th> 
	  </tr>
	  <tr>
	    <th>Status : </th>
	    <th></th>
	    <th><font color="yellow">SKIP</font></th> 
	  </tr>
	</table>
</div>
<div class="well well-large">
	<div class="row">
		<div class="col-xs-12">
	        <div class="text-right">
	            <button id="hideResults" type="button" class="btn-danger" onclick="collapseExpand(this);" onkeypress="collapseExpand(this);" class="btn pull-right" title="Click or Press Any key to collapse/expand All Failed Tests and Configuration Methods">Show Only Failures</button>
	        </div>
	    </div>
	</div>
	<table class="tablesorter" border="1">
		<thead>
		<tr>
		<th class="headerTime">Time</th>
		<th class="headerTime" width="12%">Info</th>
		<th class="headerTime" width="88%">Test</th>
		</tr>
		</thead>
		<tbody>
		
									<tr>
		<td class="time">1638291882839</td>
		<td class="header failedConfig" colspan="4" onClick="toggleElement('c49a0bc7-bdea-480a-892e-ce2b14b460cc','block');changeSingleIcon('span-c49a0bc7-bdea-480a-892e-ce2b14b460cc');" title="Click to expand/collapse" style="cursor: pointer;">
		<div style="float:left;"><i>Class&nbsp;:&nbsp;</i>ui.ReportersTest</div>
		<div style="float:right;">@BeforeSuite &nbsp;&nbsp;<span id='span-c49a0bc7-bdea-480a-892e-ce2b14b460cc' class="glyphicon glyphicon-menu-down"></span></div>
		</td>
	</tr>
			<tr>
		<td class="time">1638291882839</td>
		<td class="methodConfiguration">
				<span class="description"><b>Class: </b>class common.BaseTest</span><br>
		<span class="description"><b>Method: </b>LaunchBrowser</span><br>
				<span class="duration"><b>Duration: </b>0.050s</span><br>
		</td>
		<td class="resultConfiguration">
										<div class="stackTrace" id="c49a0bc7-bdea-480a-892e-ce2b14b460cc">
								<a href="javascript:toggleElement('exception-c49a0bc7-bdea-480a-892e-ce2b14b460cc','block')" title="Click to expand/collapse"><b>java.lang.ExceptionInInitializerError</b></a><br>
		    <div class="stackTrace" id="exception-c49a0bc7-bdea-480a-892e-ce2b14b460cc">
							io.github.bonigarcia.wdm.config.Config.defaultOsName(Config.java:346)<br>
							io.github.bonigarcia.wdm.config.Config.&lt;init&gt;(Config.java:103)<br>
							io.github.bonigarcia.wdm.WebDriverManager.&lt;init&gt;(WebDriverManager.java:189)<br>
							io.github.bonigarcia.wdm.managers.ChromeDriverManager.&lt;init&gt;(ChromeDriverManager.java:47)<br>
							io.github.bonigarcia.wdm.WebDriverManager.chromedriver(WebDriverManager.java:204)<br>
							common.BaseTest.LaunchBrowser(BaseTest.java:18)<br>
							java.base/jdk.internal.reflect.NativeMethodAccessorImpl.invoke0(Native Method)<br>
							java.base/jdk.internal.reflect.NativeMethodAccessorImpl.invoke(NativeMethodAccessorImpl.java:77)<br>
							java.base/jdk.internal.reflect.DelegatingMethodAccessorImpl.invoke(DelegatingMethodAccessorImpl.java:43)<br>
							java.base/java.lang.reflect.Method.invoke(Method.java:568)<br>
							org.testng.internal.MethodInvocationHelper.invokeMethod(MethodInvocationHelper.java:133)<br>
							org.testng.internal.MethodInvocationHelper.invokeMethodConsideringTimeout(MethodInvocationHelper.java:62)<br>
							org.testng.internal.ConfigInvoker.invokeConfigurationMethod(ConfigInvoker.java:385)<br>
							org.testng.internal.ConfigInvoker.invokeConfigurations(ConfigInvoker.java:321)<br>
							org.testng.SuiteRunner.privateRun(SuiteRunner.java:317)<br>
							org.testng.SuiteRunner.run(SuiteRunner.java:276)<br>
							org.testng.SuiteRunnerWorker.runSuite(SuiteRunnerWorker.java:53)<br>
							org.testng.SuiteRunnerWorker.run(SuiteRunnerWorker.java:96)<br>
							org.testng.TestNG.runSuitesSequentially(TestNG.java:1212)<br>
							org.testng.TestNG.runSuitesLocally(TestNG.java:1134)<br>
							org.testng.TestNG.runSuites(TestNG.java:1063)<br>
							org.testng.TestNG.run(TestNG.java:1031)<br>
							org.testng.remote.AbstractRemoteTestNG.run(AbstractRemoteTestNG.java:115)<br>
							org.testng.remote.RemoteTestNG.initAndRun(RemoteTestNG.java:251)<br>
							org.testng.remote.RemoteTestNG.main(RemoteTestNG.java:77)<br>
									    <b>Caused by: </b> <a href="javascript:toggleElement('causedBy-c49a0bc7-bdea-480a-892e-ce2b14b460cc','block')" title="Click to expand/collapse">java.lang.StringIndexOutOfBoundsException: begin 0, end 3, length 2</a><br>
			    <div class="stackTrace" id="causedBy-c49a0bc7-bdea-480a-892e-ce2b14b460cc">
									java.base/java.lang.String.checkBoundsBeginEnd(String.java:4601)<br>
									java.base/java.lang.String.substring(String.java:2704)<br>
									org.apache.commons.lang.SystemUtils.getJavaVersionAsFloat(SystemUtils.java:1113)<br>
									org.apache.commons.lang.SystemUtils.&lt;clinit&gt;(SystemUtils.java:817)<br>
									io.github.bonigarcia.wdm.config.Config.defaultOsName(Config.java:346)<br>
									io.github.bonigarcia.wdm.config.Config.&lt;init&gt;(Config.java:103)<br>
									io.github.bonigarcia.wdm.WebDriverManager.&lt;init&gt;(WebDriverManager.java:189)<br>
									io.github.bonigarcia.wdm.managers.ChromeDriverManager.&lt;init&gt;(ChromeDriverManager.java:47)<br>
									io.github.bonigarcia.wdm.WebDriverManager.chromedriver(WebDriverManager.java:204)<br>
									common.BaseTest.LaunchBrowser(BaseTest.java:18)<br>
									java.base/jdk.internal.reflect.NativeMethodAccessorImpl.invoke0(Native Method)<br>
									java.base/jdk.internal.reflect.NativeMethodAccessorImpl.invoke(NativeMethodAccessorImpl.java:77)<br>
									java.base/jdk.internal.reflect.DelegatingMethodAccessorImpl.invoke(DelegatingMethodAccessorImpl.java:43)<br>
									java.base/java.lang.reflect.Method.invoke(Method.java:568)<br>
									org.testng.internal.MethodInvocationHelper.invokeMethod(MethodInvocationHelper.java:133)<br>
									org.testng.internal.MethodInvocationHelper.invokeMethodConsideringTimeout(MethodInvocationHelper.java:62)<br>
									org.testng.internal.ConfigInvoker.invokeConfigurationMethod(ConfigInvoker.java:385)<br>
									org.testng.internal.ConfigInvoker.invokeConfigurations(ConfigInvoker.java:321)<br>
									org.testng.SuiteRunner.privateRun(SuiteRunner.java:317)<br>
									org.testng.SuiteRunner.run(SuiteRunner.java:276)<br>
									org.testng.SuiteRunnerWorker.runSuite(SuiteRunnerWorker.java:53)<br>
									org.testng.SuiteRunnerWorker.run(SuiteRunnerWorker.java:96)<br>
									org.testng.TestNG.runSuitesSequentially(TestNG.java:1212)<br>
									org.testng.TestNG.runSuitesLocally(TestNG.java:1134)<br>
									org.testng.TestNG.runSuites(TestNG.java:1063)<br>
									org.testng.TestNG.run(TestNG.java:1031)<br>
									org.testng.remote.AbstractRemoteTestNG.run(AbstractRemoteTestNG.java:115)<br>
									org.testng.remote.RemoteTestNG.initAndRun(RemoteTestNG.java:251)<br>
									org.testng.remote.RemoteTestNG.main(RemoteTestNG.java:77)<br>
								</div>
						</div>
				</div>
		</td>
	</tr>
						
					    				<tr>
		<td class="time">1638291883174</td>
		<td class="header skippedConfig" colspan="4" onClick="toggleElement('2021b924-009a-48d3-9939-ce61ff923ecb','block');changeSingleIcon('span-2021b924-009a-48d3-9939-ce61ff923ecb');" title="Click to expand/collapse">
		<div style="float:left;"><i>Class&nbsp;:&nbsp;</i>ui.ReportersTest</div>
		<div style="float:right;">@AfterSuite &nbsp;&nbsp;<span id='span-2021b924-009a-48d3-9939-ce61ff923ecb' class="glyphicon glyphicon-menu-down"></span></div>
		</td>
	</tr>
		<tr>
		<td class="time">1638291883174</td>
		<td class="methodConfiguration">
				<span class="description"><b>Class: </b>class common.BaseTest</span><br>
		<span class="description"><b>Method: </b>CloseBrowser</span><br>
				<span class="duration"><b>Duration: </b>-1638291883.174s</span><br>
		</td>
		<td class="resultConfiguration">
				 														<div class="stackTrace" id="2021b924-009a-48d3-9939-ce61ff923ecb">
							</div>
		</td>
	</tr>
	    	    		
				
				
											<tr>
	<td class="time">1638291883001</td>
	<td class="header skipped" colspan="4" onClick="toggleElement('80efd5e8-2f70-41ea-a63c-baa7baa4d1ff','block');changeSingleIcon('span-80efd5e8-2f70-41ea-a63c-baa7baa4d1ff');" title="Click to expand/collapse" style="cursor: pointer;">
	<div style="float:left;"><i>Class&nbsp;:&nbsp;</i>ui.ReportersTest</div>
	<div style="float:right;">@Test @ with DataProvider : [""] &nbsp;&nbsp;<span id='span-80efd5e8-2f70-41ea-a63c-baa7baa4d1ff' class="glyphicon glyphicon-menu-down"></span></div>
	</td>
	</tr>
<tr>
	<td class="time">1638291883001</td>
	<td class="methodTest">
		<span class="description"><b>Method: </b>reporterTest3</span><br>
			<span class="description"><b>Description: </b></span><br>
							<span class="duration"><b>Duration: </b>0.000s</span><br>
	</td>
	<td class="result">
		 									<div class="stackTrace" id="80efd5e8-2f70-41ea-a63c-baa7baa4d1ff" style="display: block;">
												Method name is - reporterTest4<br>
									<a href="javascript:toggleElement('exception-80efd5e8-2f70-41ea-a63c-baa7baa4d1ff','block')" title="Click to expand/collapse"><b>java.lang.ExceptionInInitializerError</b></a><br/>
		<div class="stackTrace" id="exception-80efd5e8-2f70-41ea-a63c-baa7baa4d1ff">
					io.github.bonigarcia.wdm.config.Config.defaultOsName(Config.java:346)<br/>
					io.github.bonigarcia.wdm.config.Config.&lt;init&gt;(Config.java:103)<br/>
					io.github.bonigarcia.wdm.WebDriverManager.&lt;init&gt;(WebDriverManager.java:189)<br/>
					io.github.bonigarcia.wdm.managers.ChromeDriverManager.&lt;init&gt;(ChromeDriverManager.java:47)<br/>
					io.github.bonigarcia.wdm.WebDriverManager.chromedriver(WebDriverManager.java:204)<br/>
					common.BaseTest.LaunchBrowser(BaseTest.java:18)<br/>
					java.base/jdk.internal.reflect.NativeMethodAccessorImpl.invoke0(Native Method)<br/>
					java.base/jdk.internal.reflect.NativeMethodAccessorImpl.invoke(NativeMethodAccessorImpl.java:77)<br/>
					java.base/jdk.internal.reflect.DelegatingMethodAccessorImpl.invoke(DelegatingMethodAccessorImpl.java:43)<br/>
					java.base/java.lang.reflect.Method.invoke(Method.java:568)<br/>
					org.testng.internal.MethodInvocationHelper.invokeMethod(MethodInvocationHelper.java:133)<br/>
					org.testng.internal.MethodInvocationHelper.invokeMethodConsideringTimeout(MethodInvocationHelper.java:62)<br/>
					org.testng.internal.ConfigInvoker.invokeConfigurationMethod(ConfigInvoker.java:385)<br/>
					org.testng.internal.ConfigInvoker.invokeConfigurations(ConfigInvoker.java:321)<br/>
					org.testng.SuiteRunner.privateRun(SuiteRunner.java:317)<br/>
					org.testng.SuiteRunner.run(SuiteRunner.java:276)<br/>
					org.testng.SuiteRunnerWorker.runSuite(SuiteRunnerWorker.java:53)<br/>
					org.testng.SuiteRunnerWorker.run(SuiteRunnerWorker.java:96)<br/>
					org.testng.TestNG.runSuitesSequentially(TestNG.java:1212)<br/>
					org.testng.TestNG.runSuitesLocally(TestNG.java:1134)<br/>
					org.testng.TestNG.runSuites(TestNG.java:1063)<br/>
					org.testng.TestNG.run(TestNG.java:1031)<br/>
					org.testng.remote.AbstractRemoteTestNG.run(AbstractRemoteTestNG.java:115)<br/>
					org.testng.remote.RemoteTestNG.initAndRun(RemoteTestNG.java:251)<br/>
					org.testng.remote.RemoteTestNG.main(RemoteTestNG.java:77)<br/>
							<b>Caused by: </b> <a href="javascript:toggleElement('causedBy-80efd5e8-2f70-41ea-a63c-baa7baa4d1ff','block')" title="Click to expand/collapse">java.lang.StringIndexOutOfBoundsException: begin 0, end 3, length 2</a><br/>
			<div class="stackTrace" id="causedBy-80efd5e8-2f70-41ea-a63c-baa7baa4d1ff">
							java.base/java.lang.String.checkBoundsBeginEnd(String.java:4601)<br/>
							java.base/java.lang.String.substring(String.java:2704)<br/>
							org.apache.commons.lang.SystemUtils.getJavaVersionAsFloat(SystemUtils.java:1113)<br/>
							org.apache.commons.lang.SystemUtils.&lt;clinit&gt;(SystemUtils.java:817)<br/>
							io.github.bonigarcia.wdm.config.Config.defaultOsName(Config.java:346)<br/>
							io.github.bonigarcia.wdm.config.Config.&lt;init&gt;(Config.java:103)<br/>
							io.github.bonigarcia.wdm.WebDriverManager.&lt;init&gt;(WebDriverManager.java:189)<br/>
							io.github.bonigarcia.wdm.managers.ChromeDriverManager.&lt;init&gt;(ChromeDriverManager.java:47)<br/>
							io.github.bonigarcia.wdm.WebDriverManager.chromedriver(WebDriverManager.java:204)<br/>
							common.BaseTest.LaunchBrowser(BaseTest.java:18)<br/>
							java.base/jdk.internal.reflect.NativeMethodAccessorImpl.invoke0(Native Method)<br/>
							java.base/jdk.internal.reflect.NativeMethodAccessorImpl.invoke(NativeMethodAccessorImpl.java:77)<br/>
							java.base/jdk.internal.reflect.DelegatingMethodAccessorImpl.invoke(DelegatingMethodAccessorImpl.java:43)<br/>
							java.base/java.lang.reflect.Method.invoke(Method.java:568)<br/>
							org.testng.internal.MethodInvocationHelper.invokeMethod(MethodInvocationHelper.java:133)<br/>
							org.testng.internal.MethodInvocationHelper.invokeMethodConsideringTimeout(MethodInvocationHelper.java:62)<br/>
							org.testng.internal.ConfigInvoker.invokeConfigurationMethod(ConfigInvoker.java:385)<br/>
							org.testng.internal.ConfigInvoker.invokeConfigurations(ConfigInvoker.java:321)<br/>
							org.testng.SuiteRunner.privateRun(SuiteRunner.java:317)<br/>
							org.testng.SuiteRunner.run(SuiteRunner.java:276)<br/>
							org.testng.SuiteRunnerWorker.runSuite(SuiteRunnerWorker.java:53)<br/>
							org.testng.SuiteRunnerWorker.run(SuiteRunnerWorker.java:96)<br/>
							org.testng.TestNG.runSuitesSequentially(TestNG.java:1212)<br/>
							org.testng.TestNG.runSuitesLocally(TestNG.java:1134)<br/>
							org.testng.TestNG.runSuites(TestNG.java:1063)<br/>
							org.testng.TestNG.run(TestNG.java:1031)<br/>
							org.testng.remote.AbstractRemoteTestNG.run(AbstractRemoteTestNG.java:115)<br/>
							org.testng.remote.RemoteTestNG.initAndRun(RemoteTestNG.java:251)<br/>
							org.testng.remote.RemoteTestNG.main(RemoteTestNG.java:77)<br/>
						</div>
				</div>
		</td>
	</div>
</tr>
					<tr>
	<td class="time">1638291882970</td>
	<td class="header skipped" colspan="4" onClick="toggleElement('b6d0e225-d293-4689-b5ca-dbbc7e8f2306','block');changeSingleIcon('span-b6d0e225-d293-4689-b5ca-dbbc7e8f2306');" title="Click to expand/collapse" style="cursor: pointer;">
	<div style="float:left;"><i>Class&nbsp;:&nbsp;</i>ui.ReportersTest</div>
	<div style="float:right;">@Test @ with DataProvider : [""] &nbsp;&nbsp;<span id='span-b6d0e225-d293-4689-b5ca-dbbc7e8f2306' class="glyphicon glyphicon-menu-down"></span></div>
	</td>
	</tr>
<tr>
	<td class="time">1638291882970</td>
	<td class="methodTest">
		<span class="description"><b>Method: </b>reporterTest1</span><br>
			<span class="description"><b>Description: </b></span><br>
							<span class="duration"><b>Duration: </b>0.000s</span><br>
	</td>
	<td class="result">
		 									<div class="stackTrace" id="b6d0e225-d293-4689-b5ca-dbbc7e8f2306" style="display: block;">
												Method name is - reporterTest2<br>
									<a href="javascript:toggleElement('exception-b6d0e225-d293-4689-b5ca-dbbc7e8f2306','block')" title="Click to expand/collapse"><b>java.lang.ExceptionInInitializerError</b></a><br/>
		<div class="stackTrace" id="exception-b6d0e225-d293-4689-b5ca-dbbc7e8f2306">
					io.github.bonigarcia.wdm.config.Config.defaultOsName(Config.java:346)<br/>
					io.github.bonigarcia.wdm.config.Config.&lt;init&gt;(Config.java:103)<br/>
					io.github.bonigarcia.wdm.WebDriverManager.&lt;init&gt;(WebDriverManager.java:189)<br/>
					io.github.bonigarcia.wdm.managers.ChromeDriverManager.&lt;init&gt;(ChromeDriverManager.java:47)<br/>
					io.github.bonigarcia.wdm.WebDriverManager.chromedriver(WebDriverManager.java:204)<br/>
					common.BaseTest.LaunchBrowser(BaseTest.java:18)<br/>
					java.base/jdk.internal.reflect.NativeMethodAccessorImpl.invoke0(Native Method)<br/>
					java.base/jdk.internal.reflect.NativeMethodAccessorImpl.invoke(NativeMethodAccessorImpl.java:77)<br/>
					java.base/jdk.internal.reflect.DelegatingMethodAccessorImpl.invoke(DelegatingMethodAccessorImpl.java:43)<br/>
					java.base/java.lang.reflect.Method.invoke(Method.java:568)<br/>
					org.testng.internal.MethodInvocationHelper.invokeMethod(MethodInvocationHelper.java:133)<br/>
					org.testng.internal.MethodInvocationHelper.invokeMethodConsideringTimeout(MethodInvocationHelper.java:62)<br/>
					org.testng.internal.ConfigInvoker.invokeConfigurationMethod(ConfigInvoker.java:385)<br/>
					org.testng.internal.ConfigInvoker.invokeConfigurations(ConfigInvoker.java:321)<br/>
					org.testng.SuiteRunner.privateRun(SuiteRunner.java:317)<br/>
					org.testng.SuiteRunner.run(SuiteRunner.java:276)<br/>
					org.testng.SuiteRunnerWorker.runSuite(SuiteRunnerWorker.java:53)<br/>
					org.testng.SuiteRunnerWorker.run(SuiteRunnerWorker.java:96)<br/>
					org.testng.TestNG.runSuitesSequentially(TestNG.java:1212)<br/>
					org.testng.TestNG.runSuitesLocally(TestNG.java:1134)<br/>
					org.testng.TestNG.runSuites(TestNG.java:1063)<br/>
					org.testng.TestNG.run(TestNG.java:1031)<br/>
					org.testng.remote.AbstractRemoteTestNG.run(AbstractRemoteTestNG.java:115)<br/>
					org.testng.remote.RemoteTestNG.initAndRun(RemoteTestNG.java:251)<br/>
					org.testng.remote.RemoteTestNG.main(RemoteTestNG.java:77)<br/>
							<b>Caused by: </b> <a href="javascript:toggleElement('causedBy-b6d0e225-d293-4689-b5ca-dbbc7e8f2306','block')" title="Click to expand/collapse">java.lang.StringIndexOutOfBoundsException: begin 0, end 3, length 2</a><br/>
			<div class="stackTrace" id="causedBy-b6d0e225-d293-4689-b5ca-dbbc7e8f2306">
							java.base/java.lang.String.checkBoundsBeginEnd(String.java:4601)<br/>
							java.base/java.lang.String.substring(String.java:2704)<br/>
							org.apache.commons.lang.SystemUtils.getJavaVersionAsFloat(SystemUtils.java:1113)<br/>
							org.apache.commons.lang.SystemUtils.&lt;clinit&gt;(SystemUtils.java:817)<br/>
							io.github.bonigarcia.wdm.config.Config.defaultOsName(Config.java:346)<br/>
							io.github.bonigarcia.wdm.config.Config.&lt;init&gt;(Config.java:103)<br/>
							io.github.bonigarcia.wdm.WebDriverManager.&lt;init&gt;(WebDriverManager.java:189)<br/>
							io.github.bonigarcia.wdm.managers.ChromeDriverManager.&lt;init&gt;(ChromeDriverManager.java:47)<br/>
							io.github.bonigarcia.wdm.WebDriverManager.chromedriver(WebDriverManager.java:204)<br/>
							common.BaseTest.LaunchBrowser(BaseTest.java:18)<br/>
							java.base/jdk.internal.reflect.NativeMethodAccessorImpl.invoke0(Native Method)<br/>
							java.base/jdk.internal.reflect.NativeMethodAccessorImpl.invoke(NativeMethodAccessorImpl.java:77)<br/>
							java.base/jdk.internal.reflect.DelegatingMethodAccessorImpl.invoke(DelegatingMethodAccessorImpl.java:43)<br/>
							java.base/java.lang.reflect.Method.invoke(Method.java:568)<br/>
							org.testng.internal.MethodInvocationHelper.invokeMethod(MethodInvocationHelper.java:133)<br/>
							org.testng.internal.MethodInvocationHelper.invokeMethodConsideringTimeout(MethodInvocationHelper.java:62)<br/>
							org.testng.internal.ConfigInvoker.invokeConfigurationMethod(ConfigInvoker.java:385)<br/>
							org.testng.internal.ConfigInvoker.invokeConfigurations(ConfigInvoker.java:321)<br/>
							org.testng.SuiteRunner.privateRun(SuiteRunner.java:317)<br/>
							org.testng.SuiteRunner.run(SuiteRunner.java:276)<br/>
							org.testng.SuiteRunnerWorker.runSuite(SuiteRunnerWorker.java:53)<br/>
							org.testng.SuiteRunnerWorker.run(SuiteRunnerWorker.java:96)<br/>
							org.testng.TestNG.runSuitesSequentially(TestNG.java:1212)<br/>
							org.testng.TestNG.runSuitesLocally(TestNG.java:1134)<br/>
							org.testng.TestNG.runSuites(TestNG.java:1063)<br/>
							org.testng.TestNG.run(TestNG.java:1031)<br/>
							org.testng.remote.AbstractRemoteTestNG.run(AbstractRemoteTestNG.java:115)<br/>
							org.testng.remote.RemoteTestNG.initAndRun(RemoteTestNG.java:251)<br/>
							org.testng.remote.RemoteTestNG.main(RemoteTestNG.java:77)<br/>
						</div>
				</div>
		</td>
	</div>
</tr>
					<tr>
	<td class="time">1638291882987</td>
	<td class="header skipped" colspan="4" onClick="toggleElement('424e7741-e00e-4f9c-8574-14b0457341da','block');changeSingleIcon('span-424e7741-e00e-4f9c-8574-14b0457341da');" title="Click to expand/collapse" style="cursor: pointer;">
	<div style="float:left;"><i>Class&nbsp;:&nbsp;</i>ui.ReportersTest</div>
	<div style="float:right;">@Test @ with DataProvider : [""] &nbsp;&nbsp;<span id='span-424e7741-e00e-4f9c-8574-14b0457341da' class="glyphicon glyphicon-menu-down"></span></div>
	</td>
	</tr>
<tr>
	<td class="time">1638291882987</td>
	<td class="methodTest">
		<span class="description"><b>Method: </b>reporterTest2</span><br>
			<span class="description"><b>Description: </b></span><br>
							<span class="duration"><b>Duration: </b>0.000s</span><br>
	</td>
	<td class="result">
		 									<div class="stackTrace" id="424e7741-e00e-4f9c-8574-14b0457341da" style="display: block;">
												Method name is - reporterTest3<br>
									<a href="javascript:toggleElement('exception-424e7741-e00e-4f9c-8574-14b0457341da','block')" title="Click to expand/collapse"><b>java.lang.ExceptionInInitializerError</b></a><br/>
		<div class="stackTrace" id="exception-424e7741-e00e-4f9c-8574-14b0457341da">
					io.github.bonigarcia.wdm.config.Config.defaultOsName(Config.java:346)<br/>
					io.github.bonigarcia.wdm.config.Config.&lt;init&gt;(Config.java:103)<br/>
					io.github.bonigarcia.wdm.WebDriverManager.&lt;init&gt;(WebDriverManager.java:189)<br/>
					io.github.bonigarcia.wdm.managers.ChromeDriverManager.&lt;init&gt;(ChromeDriverManager.java:47)<br/>
					io.github.bonigarcia.wdm.WebDriverManager.chromedriver(WebDriverManager.java:204)<br/>
					common.BaseTest.LaunchBrowser(BaseTest.java:18)<br/>
					java.base/jdk.internal.reflect.NativeMethodAccessorImpl.invoke0(Native Method)<br/>
					java.base/jdk.internal.reflect.NativeMethodAccessorImpl.invoke(NativeMethodAccessorImpl.java:77)<br/>
					java.base/jdk.internal.reflect.DelegatingMethodAccessorImpl.invoke(DelegatingMethodAccessorImpl.java:43)<br/>
					java.base/java.lang.reflect.Method.invoke(Method.java:568)<br/>
					org.testng.internal.MethodInvocationHelper.invokeMethod(MethodInvocationHelper.java:133)<br/>
					org.testng.internal.MethodInvocationHelper.invokeMethodConsideringTimeout(MethodInvocationHelper.java:62)<br/>
					org.testng.internal.ConfigInvoker.invokeConfigurationMethod(ConfigInvoker.java:385)<br/>
					org.testng.internal.ConfigInvoker.invokeConfigurations(ConfigInvoker.java:321)<br/>
					org.testng.SuiteRunner.privateRun(SuiteRunner.java:317)<br/>
					org.testng.SuiteRunner.run(SuiteRunner.java:276)<br/>
					org.testng.SuiteRunnerWorker.runSuite(SuiteRunnerWorker.java:53)<br/>
					org.testng.SuiteRunnerWorker.run(SuiteRunnerWorker.java:96)<br/>
					org.testng.TestNG.runSuitesSequentially(TestNG.java:1212)<br/>
					org.testng.TestNG.runSuitesLocally(TestNG.java:1134)<br/>
					org.testng.TestNG.runSuites(TestNG.java:1063)<br/>
					org.testng.TestNG.run(TestNG.java:1031)<br/>
					org.testng.remote.AbstractRemoteTestNG.run(AbstractRemoteTestNG.java:115)<br/>
					org.testng.remote.RemoteTestNG.initAndRun(RemoteTestNG.java:251)<br/>
					org.testng.remote.RemoteTestNG.main(RemoteTestNG.java:77)<br/>
							<b>Caused by: </b> <a href="javascript:toggleElement('causedBy-424e7741-e00e-4f9c-8574-14b0457341da','block')" title="Click to expand/collapse">java.lang.StringIndexOutOfBoundsException: begin 0, end 3, length 2</a><br/>
			<div class="stackTrace" id="causedBy-424e7741-e00e-4f9c-8574-14b0457341da">
							java.base/java.lang.String.checkBoundsBeginEnd(String.java:4601)<br/>
							java.base/java.lang.String.substring(String.java:2704)<br/>
							org.apache.commons.lang.SystemUtils.getJavaVersionAsFloat(SystemUtils.java:1113)<br/>
							org.apache.commons.lang.SystemUtils.&lt;clinit&gt;(SystemUtils.java:817)<br/>
							io.github.bonigarcia.wdm.config.Config.defaultOsName(Config.java:346)<br/>
							io.github.bonigarcia.wdm.config.Config.&lt;init&gt;(Config.java:103)<br/>
							io.github.bonigarcia.wdm.WebDriverManager.&lt;init&gt;(WebDriverManager.java:189)<br/>
							io.github.bonigarcia.wdm.managers.ChromeDriverManager.&lt;init&gt;(ChromeDriverManager.java:47)<br/>
							io.github.bonigarcia.wdm.WebDriverManager.chromedriver(WebDriverManager.java:204)<br/>
							common.BaseTest.LaunchBrowser(BaseTest.java:18)<br/>
							java.base/jdk.internal.reflect.NativeMethodAccessorImpl.invoke0(Native Method)<br/>
							java.base/jdk.internal.reflect.NativeMethodAccessorImpl.invoke(NativeMethodAccessorImpl.java:77)<br/>
							java.base/jdk.internal.reflect.DelegatingMethodAccessorImpl.invoke(DelegatingMethodAccessorImpl.java:43)<br/>
							java.base/java.lang.reflect.Method.invoke(Method.java:568)<br/>
							org.testng.internal.MethodInvocationHelper.invokeMethod(MethodInvocationHelper.java:133)<br/>
							org.testng.internal.MethodInvocationHelper.invokeMethodConsideringTimeout(MethodInvocationHelper.java:62)<br/>
							org.testng.internal.ConfigInvoker.invokeConfigurationMethod(ConfigInvoker.java:385)<br/>
							org.testng.internal.ConfigInvoker.invokeConfigurations(ConfigInvoker.java:321)<br/>
							org.testng.SuiteRunner.privateRun(SuiteRunner.java:317)<br/>
							org.testng.SuiteRunner.run(SuiteRunner.java:276)<br/>
							org.testng.SuiteRunnerWorker.runSuite(SuiteRunnerWorker.java:53)<br/>
							org.testng.SuiteRunnerWorker.run(SuiteRunnerWorker.java:96)<br/>
							org.testng.TestNG.runSuitesSequentially(TestNG.java:1212)<br/>
							org.testng.TestNG.runSuitesLocally(TestNG.java:1134)<br/>
							org.testng.TestNG.runSuites(TestNG.java:1063)<br/>
							org.testng.TestNG.run(TestNG.java:1031)<br/>
							org.testng.remote.AbstractRemoteTestNG.run(AbstractRemoteTestNG.java:115)<br/>
							org.testng.remote.RemoteTestNG.initAndRun(RemoteTestNG.java:251)<br/>
							org.testng.remote.RemoteTestNG.main(RemoteTestNG.java:77)<br/>
						</div>
				</div>
		</td>
	</div>
</tr>
					<tr>
	<td class="time">1638291883038</td>
	<td class="header skipped" colspan="4" onClick="toggleElement('b1ad2bfe-1586-472c-b752-290e4bc8e739','block');changeSingleIcon('span-b1ad2bfe-1586-472c-b752-290e4bc8e739');" title="Click to expand/collapse" style="cursor: pointer;">
	<div style="float:left;"><i>Class&nbsp;:&nbsp;</i>ui.ReportersTest</div>
	<div style="float:right;">@Test @ with DataProvider : [""] &nbsp;&nbsp;<span id='span-b1ad2bfe-1586-472c-b752-290e4bc8e739' class="glyphicon glyphicon-menu-down"></span></div>
	</td>
	</tr>
<tr>
	<td class="time">1638291883038</td>
	<td class="methodTest">
		<span class="description"><b>Method: </b>reporterTest4</span><br>
			<span class="description"><b>Description: </b></span><br>
							<span class="duration"><b>Duration: </b>0.000s</span><br>
	</td>
	<td class="result">
		 									<div class="stackTrace" id="b1ad2bfe-1586-472c-b752-290e4bc8e739" style="display: block;">
												==============================================================================================<br>
												Total Passed: 0(+0), Failures: 0(+0), Skips: 4(+4)<br>
												==============================================================================================<br>
									<a href="javascript:toggleElement('exception-b1ad2bfe-1586-472c-b752-290e4bc8e739','block')" title="Click to expand/collapse"><b>java.lang.ExceptionInInitializerError</b></a><br/>
		<div class="stackTrace" id="exception-b1ad2bfe-1586-472c-b752-290e4bc8e739">
					io.github.bonigarcia.wdm.config.Config.defaultOsName(Config.java:346)<br/>
					io.github.bonigarcia.wdm.config.Config.&lt;init&gt;(Config.java:103)<br/>
					io.github.bonigarcia.wdm.WebDriverManager.&lt;init&gt;(WebDriverManager.java:189)<br/>
					io.github.bonigarcia.wdm.managers.ChromeDriverManager.&lt;init&gt;(ChromeDriverManager.java:47)<br/>
					io.github.bonigarcia.wdm.WebDriverManager.chromedriver(WebDriverManager.java:204)<br/>
					common.BaseTest.LaunchBrowser(BaseTest.java:18)<br/>
					java.base/jdk.internal.reflect.NativeMethodAccessorImpl.invoke0(Native Method)<br/>
					java.base/jdk.internal.reflect.NativeMethodAccessorImpl.invoke(NativeMethodAccessorImpl.java:77)<br/>
					java.base/jdk.internal.reflect.DelegatingMethodAccessorImpl.invoke(DelegatingMethodAccessorImpl.java:43)<br/>
					java.base/java.lang.reflect.Method.invoke(Method.java:568)<br/>
					org.testng.internal.MethodInvocationHelper.invokeMethod(MethodInvocationHelper.java:133)<br/>
					org.testng.internal.MethodInvocationHelper.invokeMethodConsideringTimeout(MethodInvocationHelper.java:62)<br/>
					org.testng.internal.ConfigInvoker.invokeConfigurationMethod(ConfigInvoker.java:385)<br/>
					org.testng.internal.ConfigInvoker.invokeConfigurations(ConfigInvoker.java:321)<br/>
					org.testng.SuiteRunner.privateRun(SuiteRunner.java:317)<br/>
					org.testng.SuiteRunner.run(SuiteRunner.java:276)<br/>
					org.testng.SuiteRunnerWorker.runSuite(SuiteRunnerWorker.java:53)<br/>
					org.testng.SuiteRunnerWorker.run(SuiteRunnerWorker.java:96)<br/>
					org.testng.TestNG.runSuitesSequentially(TestNG.java:1212)<br/>
					org.testng.TestNG.runSuitesLocally(TestNG.java:1134)<br/>
					org.testng.TestNG.runSuites(TestNG.java:1063)<br/>
					org.testng.TestNG.run(TestNG.java:1031)<br/>
					org.testng.remote.AbstractRemoteTestNG.run(AbstractRemoteTestNG.java:115)<br/>
					org.testng.remote.RemoteTestNG.initAndRun(RemoteTestNG.java:251)<br/>
					org.testng.remote.RemoteTestNG.main(RemoteTestNG.java:77)<br/>
							<b>Caused by: </b> <a href="javascript:toggleElement('causedBy-b1ad2bfe-1586-472c-b752-290e4bc8e739','block')" title="Click to expand/collapse">java.lang.StringIndexOutOfBoundsException: begin 0, end 3, length 2</a><br/>
			<div class="stackTrace" id="causedBy-b1ad2bfe-1586-472c-b752-290e4bc8e739">
							java.base/java.lang.String.checkBoundsBeginEnd(String.java:4601)<br/>
							java.base/java.lang.String.substring(String.java:2704)<br/>
							org.apache.commons.lang.SystemUtils.getJavaVersionAsFloat(SystemUtils.java:1113)<br/>
							org.apache.commons.lang.SystemUtils.&lt;clinit&gt;(SystemUtils.java:817)<br/>
							io.github.bonigarcia.wdm.config.Config.defaultOsName(Config.java:346)<br/>
							io.github.bonigarcia.wdm.config.Config.&lt;init&gt;(Config.java:103)<br/>
							io.github.bonigarcia.wdm.WebDriverManager.&lt;init&gt;(WebDriverManager.java:189)<br/>
							io.github.bonigarcia.wdm.managers.ChromeDriverManager.&lt;init&gt;(ChromeDriverManager.java:47)<br/>
							io.github.bonigarcia.wdm.WebDriverManager.chromedriver(WebDriverManager.java:204)<br/>
							common.BaseTest.LaunchBrowser(BaseTest.java:18)<br/>
							java.base/jdk.internal.reflect.NativeMethodAccessorImpl.invoke0(Native Method)<br/>
							java.base/jdk.internal.reflect.NativeMethodAccessorImpl.invoke(NativeMethodAccessorImpl.java:77)<br/>
							java.base/jdk.internal.reflect.DelegatingMethodAccessorImpl.invoke(DelegatingMethodAccessorImpl.java:43)<br/>
							java.base/java.lang.reflect.Method.invoke(Method.java:568)<br/>
							org.testng.internal.MethodInvocationHelper.invokeMethod(MethodInvocationHelper.java:133)<br/>
							org.testng.internal.MethodInvocationHelper.invokeMethodConsideringTimeout(MethodInvocationHelper.java:62)<br/>
							org.testng.internal.ConfigInvoker.invokeConfigurationMethod(ConfigInvoker.java:385)<br/>
							org.testng.internal.ConfigInvoker.invokeConfigurations(ConfigInvoker.java:321)<br/>
							org.testng.SuiteRunner.privateRun(SuiteRunner.java:317)<br/>
							org.testng.SuiteRunner.run(SuiteRunner.java:276)<br/>
							org.testng.SuiteRunnerWorker.runSuite(SuiteRunnerWorker.java:53)<br/>
							org.testng.SuiteRunnerWorker.run(SuiteRunnerWorker.java:96)<br/>
							org.testng.TestNG.runSuitesSequentially(TestNG.java:1212)<br/>
							org.testng.TestNG.runSuitesLocally(TestNG.java:1134)<br/>
							org.testng.TestNG.runSuites(TestNG.java:1063)<br/>
							org.testng.TestNG.run(TestNG.java:1031)<br/>
							org.testng.remote.AbstractRemoteTestNG.run(AbstractRemoteTestNG.java:115)<br/>
							org.testng.remote.RemoteTestNG.initAndRun(RemoteTestNG.java:251)<br/>
							org.testng.remote.RemoteTestNG.main(RemoteTestNG.java:77)<br/>
						</div>
				</div>
		</td>
	</div>
</tr>
						
			  
	</tbody>
	</table>
</div>
</body>
</html>
