<html>
<head>
<title>TestNG:  Reporter Testing</title>
<link href="../testng.css" rel="stylesheet" type="text/css" />
<link href="../my-testng.css" rel="stylesheet" type="text/css" />

<style type="text/css">
.log { display: none;} 
.stack-trace { display: none;} 
</style>
<script type="text/javascript">
<!--
function flip(e) {
  current = e.style.display;
  if (current == 'block') {
    e.style.display = 'none';
    return 0;
  }
  else {
    e.style.display = 'block';
    return 1;
  }
}

function toggleBox(szDivId, elem, msg1, msg2)
{
  var res = -1;  if (document.getElementById) {
    res = flip(document.getElementById(szDivId));
  }
  else if (document.all) {
    // this is the way old msie versions work
    res = flip(document.all[szDivId]);
  }
  if(elem) {
    if(res == 0) elem.innerHTML = msg1; else elem.innerHTML = msg2;
  }

}

function toggleAllBoxes() {
  if (document.getElementsByTagName) {
    d = document.getElementsByTagName('div');
    for (i = 0; i < d.length; i++) {
      if (d[i].className == 'log') {
        flip(d[i]);
      }
    }
  }
}

// -->
</script>

</head>
<body>
<h2 align='center'>Reporter Testing</h2><table border='1' align="center">
<tr>
<td>Tests passed/Failed/Skipped:</td><td>0/0/4</td>
</tr><tr>
<td>Started on:</td><td>Tue Nov 30 12:04:42 EST 2021</td>
</tr>
<tr><td>Total time:</td><td>0 seconds (159 ms)</td>
</tr><tr>
<td>Included groups:</td><td></td>
</tr><tr>
<td>Excluded groups:</td><td></td>
</tr>
</table><p/>
<small><i>(Hover the method name to see the test class name)</i></small><p/>
<table width='100%' border='1' class='invocation-failed'>
<tr><td colspan='4' align='center'><b>FAILED CONFIGURATIONS</b></td></tr>
<tr><td><b>Test method</b></td>
<td width="30%"><b>Exception</b></td>
<td width="10%"><b>Time (seconds)</b></td>
<td><b>Instance</b></td>
</tr>
<tr>
<td title='ui.ReportersTest.LaunchBrowser()'><b>LaunchBrowser</b><br>Test class: ui.ReportersTest</td>
<td><div><pre>java.lang.ExceptionInInitializerError
	at io.github.bonigarcia.wdm.config.Config.defaultOsName(Config.java:346)
	at io.github.bonigarcia.wdm.config.Config.&lt;init&gt;(Config.java:103)
	at io.github.bonigarcia.wdm.WebDriverManager.&lt;init&gt;(WebDriverManager.java:189)
	at io.github.bonigarcia.wdm.managers.ChromeDriverManager.&lt;init&gt;(ChromeDriverManager.java:47)
	at io.github.bonigarcia.wdm.WebDriverManager.chromedriver(WebDriverManager.java:204)
	at common.BaseTest.LaunchBrowser(BaseTest.java:18)
Caused by: java.lang.StringIndexOutOfBoundsException: begin 0, end 3, length 2
	at java.base/java.lang.String.checkBoundsBeginEnd(String.java:4601)
	at java.base/java.lang.String.substring(String.java:2704)
	at org.apache.commons.lang.SystemUtils.getJavaVersionAsFloat(SystemUtils.java:1113)
	at org.apache.commons.lang.SystemUtils.&lt;clinit&gt;(SystemUtils.java:817)
	... 25 more
... Removed 19 stack frames</pre></div><a href='#' onClick='toggleBox("stack-trace1354083458", this, "Click to show all stack frames", "Click to hide stack frames")'>Click to show all stack frames</a>
<div class='stack-trace' id='stack-trace1354083458'><pre>java.lang.ExceptionInInitializerError
	at io.github.bonigarcia.wdm.config.Config.defaultOsName(Config.java:346)
	at io.github.bonigarcia.wdm.config.Config.&lt;init&gt;(Config.java:103)
	at io.github.bonigarcia.wdm.WebDriverManager.&lt;init&gt;(WebDriverManager.java:189)
	at io.github.bonigarcia.wdm.managers.ChromeDriverManager.&lt;init&gt;(ChromeDriverManager.java:47)
	at io.github.bonigarcia.wdm.WebDriverManager.chromedriver(WebDriverManager.java:204)
	at common.BaseTest.LaunchBrowser(BaseTest.java:18)
	at java.base/jdk.internal.reflect.NativeMethodAccessorImpl.invoke0(Native Method)
	at java.base/jdk.internal.reflect.NativeMethodAccessorImpl.invoke(NativeMethodAccessorImpl.java:77)
	at java.base/jdk.internal.reflect.DelegatingMethodAccessorImpl.invoke(DelegatingMethodAccessorImpl.java:43)
	at java.base/java.lang.reflect.Method.invoke(Method.java:568)
	at org.testng.internal.MethodInvocationHelper.invokeMethod(MethodInvocationHelper.java:133)
	at org.testng.internal.MethodInvocationHelper.invokeMethodConsideringTimeout(MethodInvocationHelper.java:62)
	at org.testng.internal.ConfigInvoker.invokeConfigurationMethod(ConfigInvoker.java:385)
	at org.testng.internal.ConfigInvoker.invokeConfigurations(ConfigInvoker.java:321)
	at org.testng.SuiteRunner.privateRun(SuiteRunner.java:317)
	at org.testng.SuiteRunner.run(SuiteRunner.java:276)
	at org.testng.SuiteRunnerWorker.runSuite(SuiteRunnerWorker.java:53)
	at org.testng.SuiteRunnerWorker.run(SuiteRunnerWorker.java:96)
	at org.testng.TestNG.runSuitesSequentially(TestNG.java:1212)
	at org.testng.TestNG.runSuitesLocally(TestNG.java:1134)
	at org.testng.TestNG.runSuites(TestNG.java:1063)
	at org.testng.TestNG.run(TestNG.java:1031)
	at org.testng.remote.AbstractRemoteTestNG.run(AbstractRemoteTestNG.java:115)
	at org.testng.remote.RemoteTestNG.initAndRun(RemoteTestNG.java:251)
	at org.testng.remote.RemoteTestNG.main(RemoteTestNG.java:77)
Caused by: java.lang.StringIndexOutOfBoundsException: begin 0, end 3, length 2
	at java.base/java.lang.String.checkBoundsBeginEnd(String.java:4601)
	at java.base/java.lang.String.substring(String.java:2704)
	at org.apache.commons.lang.SystemUtils.getJavaVersionAsFloat(SystemUtils.java:1113)
	at org.apache.commons.lang.SystemUtils.&lt;clinit&gt;(SystemUtils.java:817)
	... 25 more
</pre></div></td>
<td>0</td>
<td>ui.ReportersTest@2cdd0d4b</td></tr>
</table><p>
<table width='100%' border='1' class='invocation-skipped'>
<tr><td colspan='4' align='center'><b>SKIPPED TESTS</b></td></tr>
<tr><td><b>Test method</b></td>
<td width="30%"><b>Exception</b></td>
<td width="10%"><b>Time (seconds)</b></td>
<td><b>Instance</b></td>
</tr>
<tr>
<td title='ui.ReportersTest.reporterTest4()'><b>reporterTest4</b><br>Test class: ui.ReportersTest</td>
<td><div><pre>java.lang.ExceptionInInitializerError
	at io.github.bonigarcia.wdm.config.Config.defaultOsName(Config.java:346)
	at io.github.bonigarcia.wdm.config.Config.&lt;init&gt;(Config.java:103)
	at io.github.bonigarcia.wdm.WebDriverManager.&lt;init&gt;(WebDriverManager.java:189)
	at io.github.bonigarcia.wdm.managers.ChromeDriverManager.&lt;init&gt;(ChromeDriverManager.java:47)
	at io.github.bonigarcia.wdm.WebDriverManager.chromedriver(WebDriverManager.java:204)
	at common.BaseTest.LaunchBrowser(BaseTest.java:18)
Caused by: java.lang.StringIndexOutOfBoundsException: begin 0, end 3, length 2
	at java.base/java.lang.String.checkBoundsBeginEnd(String.java:4601)
	at java.base/java.lang.String.substring(String.java:2704)
	at org.apache.commons.lang.SystemUtils.getJavaVersionAsFloat(SystemUtils.java:1113)
	at org.apache.commons.lang.SystemUtils.&lt;clinit&gt;(SystemUtils.java:817)
	... 25 more
... Removed 19 stack frames</pre></div><a href='#' onClick='toggleBox("stack-trace1262854901", this, "Click to show all stack frames", "Click to hide stack frames")'>Click to show all stack frames</a>
<div class='stack-trace' id='stack-trace1262854901'><pre>java.lang.ExceptionInInitializerError
	at io.github.bonigarcia.wdm.config.Config.defaultOsName(Config.java:346)
	at io.github.bonigarcia.wdm.config.Config.&lt;init&gt;(Config.java:103)
	at io.github.bonigarcia.wdm.WebDriverManager.&lt;init&gt;(WebDriverManager.java:189)
	at io.github.bonigarcia.wdm.managers.ChromeDriverManager.&lt;init&gt;(ChromeDriverManager.java:47)
	at io.github.bonigarcia.wdm.WebDriverManager.chromedriver(WebDriverManager.java:204)
	at common.BaseTest.LaunchBrowser(BaseTest.java:18)
	at java.base/jdk.internal.reflect.NativeMethodAccessorImpl.invoke0(Native Method)
	at java.base/jdk.internal.reflect.NativeMethodAccessorImpl.invoke(NativeMethodAccessorImpl.java:77)
	at java.base/jdk.internal.reflect.DelegatingMethodAccessorImpl.invoke(DelegatingMethodAccessorImpl.java:43)
	at java.base/java.lang.reflect.Method.invoke(Method.java:568)
	at org.testng.internal.MethodInvocationHelper.invokeMethod(MethodInvocationHelper.java:133)
	at org.testng.internal.MethodInvocationHelper.invokeMethodConsideringTimeout(MethodInvocationHelper.java:62)
	at org.testng.internal.ConfigInvoker.invokeConfigurationMethod(ConfigInvoker.java:385)
	at org.testng.internal.ConfigInvoker.invokeConfigurations(ConfigInvoker.java:321)
	at org.testng.SuiteRunner.privateRun(SuiteRunner.java:317)
	at org.testng.SuiteRunner.run(SuiteRunner.java:276)
	at org.testng.SuiteRunnerWorker.runSuite(SuiteRunnerWorker.java:53)
	at org.testng.SuiteRunnerWorker.run(SuiteRunnerWorker.java:96)
	at org.testng.TestNG.runSuitesSequentially(TestNG.java:1212)
	at org.testng.TestNG.runSuitesLocally(TestNG.java:1134)
	at org.testng.TestNG.runSuites(TestNG.java:1063)
	at org.testng.TestNG.run(TestNG.java:1031)
	at org.testng.remote.AbstractRemoteTestNG.run(AbstractRemoteTestNG.java:115)
	at org.testng.remote.RemoteTestNG.initAndRun(RemoteTestNG.java:251)
	at org.testng.remote.RemoteTestNG.main(RemoteTestNG.java:77)
Caused by: java.lang.StringIndexOutOfBoundsException: begin 0, end 3, length 2
	at java.base/java.lang.String.checkBoundsBeginEnd(String.java:4601)
	at java.base/java.lang.String.substring(String.java:2704)
	at org.apache.commons.lang.SystemUtils.getJavaVersionAsFloat(SystemUtils.java:1113)
	at org.apache.commons.lang.SystemUtils.&lt;clinit&gt;(SystemUtils.java:817)
	... 25 more
</pre></div></td>
<td>0</td>
<td>ui.ReportersTest@2cdd0d4b</td></tr>
<tr>
<td title='ui.ReportersTest.reporterTest2()'><b>reporterTest2</b><br>Test class: ui.ReportersTest<br/>
<a href="#Output-2032079962" onClick='toggleBox("Output-2032079962", this, "Show output", "Hide output");'>Show output</a>

<a href="#Output-2032079962" onClick="toggleAllBoxes();">Show all outputs</a>
<div class='log' id="Output-2032079962">
Method name is - reporterTest3<br/>
</div>
</td>
<td><div><pre>java.lang.ExceptionInInitializerError
	at io.github.bonigarcia.wdm.config.Config.defaultOsName(Config.java:346)
	at io.github.bonigarcia.wdm.config.Config.&lt;init&gt;(Config.java:103)
	at io.github.bonigarcia.wdm.WebDriverManager.&lt;init&gt;(WebDriverManager.java:189)
	at io.github.bonigarcia.wdm.managers.ChromeDriverManager.&lt;init&gt;(ChromeDriverManager.java:47)
	at io.github.bonigarcia.wdm.WebDriverManager.chromedriver(WebDriverManager.java:204)
	at common.BaseTest.LaunchBrowser(BaseTest.java:18)
Caused by: java.lang.StringIndexOutOfBoundsException: begin 0, end 3, length 2
	at java.base/java.lang.String.checkBoundsBeginEnd(String.java:4601)
	at java.base/java.lang.String.substring(String.java:2704)
	at org.apache.commons.lang.SystemUtils.getJavaVersionAsFloat(SystemUtils.java:1113)
	at org.apache.commons.lang.SystemUtils.&lt;clinit&gt;(SystemUtils.java:817)
	... 25 more
... Removed 19 stack frames</pre></div><a href='#' onClick='toggleBox("stack-trace2032079962", this, "Click to show all stack frames", "Click to hide stack frames")'>Click to show all stack frames</a>
<div class='stack-trace' id='stack-trace2032079962'><pre>java.lang.ExceptionInInitializerError
	at io.github.bonigarcia.wdm.config.Config.defaultOsName(Config.java:346)
	at io.github.bonigarcia.wdm.config.Config.&lt;init&gt;(Config.java:103)
	at io.github.bonigarcia.wdm.WebDriverManager.&lt;init&gt;(WebDriverManager.java:189)
	at io.github.bonigarcia.wdm.managers.ChromeDriverManager.&lt;init&gt;(ChromeDriverManager.java:47)
	at io.github.bonigarcia.wdm.WebDriverManager.chromedriver(WebDriverManager.java:204)
	at common.BaseTest.LaunchBrowser(BaseTest.java:18)
	at java.base/jdk.internal.reflect.NativeMethodAccessorImpl.invoke0(Native Method)
	at java.base/jdk.internal.reflect.NativeMethodAccessorImpl.invoke(NativeMethodAccessorImpl.java:77)
	at java.base/jdk.internal.reflect.DelegatingMethodAccessorImpl.invoke(DelegatingMethodAccessorImpl.java:43)
	at java.base/java.lang.reflect.Method.invoke(Method.java:568)
	at org.testng.internal.MethodInvocationHelper.invokeMethod(MethodInvocationHelper.java:133)
	at org.testng.internal.MethodInvocationHelper.invokeMethodConsideringTimeout(MethodInvocationHelper.java:62)
	at org.testng.internal.ConfigInvoker.invokeConfigurationMethod(ConfigInvoker.java:385)
	at org.testng.internal.ConfigInvoker.invokeConfigurations(ConfigInvoker.java:321)
	at org.testng.SuiteRunner.privateRun(SuiteRunner.java:317)
	at org.testng.SuiteRunner.run(SuiteRunner.java:276)
	at org.testng.SuiteRunnerWorker.runSuite(SuiteRunnerWorker.java:53)
	at org.testng.SuiteRunnerWorker.run(SuiteRunnerWorker.java:96)
	at org.testng.TestNG.runSuitesSequentially(TestNG.java:1212)
	at org.testng.TestNG.runSuitesLocally(TestNG.java:1134)
	at org.testng.TestNG.runSuites(TestNG.java:1063)
	at org.testng.TestNG.run(TestNG.java:1031)
	at org.testng.remote.AbstractRemoteTestNG.run(AbstractRemoteTestNG.java:115)
	at org.testng.remote.RemoteTestNG.initAndRun(RemoteTestNG.java:251)
	at org.testng.remote.RemoteTestNG.main(RemoteTestNG.java:77)
Caused by: java.lang.StringIndexOutOfBoundsException: begin 0, end 3, length 2
	at java.base/java.lang.String.checkBoundsBeginEnd(String.java:4601)
	at java.base/java.lang.String.substring(String.java:2704)
	at org.apache.commons.lang.SystemUtils.getJavaVersionAsFloat(SystemUtils.java:1113)
	at org.apache.commons.lang.SystemUtils.&lt;clinit&gt;(SystemUtils.java:817)
	... 25 more
</pre></div></td>
<td>0</td>
<td>ui.ReportersTest@2cdd0d4b</td></tr>
<tr>
<td title='ui.ReportersTest.reporterTest1()'><b>reporterTest1</b><br>Test class: ui.ReportersTest<br/>
<a href="#Output-580673921" onClick='toggleBox("Output-580673921", this, "Show output", "Hide output");'>Show output</a>

<a href="#Output-580673921" onClick="toggleAllBoxes();">Show all outputs</a>
<div class='log' id="Output-580673921">
Method name is - reporterTest2<br/>
</div>
</td>
<td><div><pre>java.lang.ExceptionInInitializerError
	at io.github.bonigarcia.wdm.config.Config.defaultOsName(Config.java:346)
	at io.github.bonigarcia.wdm.config.Config.&lt;init&gt;(Config.java:103)
	at io.github.bonigarcia.wdm.WebDriverManager.&lt;init&gt;(WebDriverManager.java:189)
	at io.github.bonigarcia.wdm.managers.ChromeDriverManager.&lt;init&gt;(ChromeDriverManager.java:47)
	at io.github.bonigarcia.wdm.WebDriverManager.chromedriver(WebDriverManager.java:204)
	at common.BaseTest.LaunchBrowser(BaseTest.java:18)
Caused by: java.lang.StringIndexOutOfBoundsException: begin 0, end 3, length 2
	at java.base/java.lang.String.checkBoundsBeginEnd(String.java:4601)
	at java.base/java.lang.String.substring(String.java:2704)
	at org.apache.commons.lang.SystemUtils.getJavaVersionAsFloat(SystemUtils.java:1113)
	at org.apache.commons.lang.SystemUtils.&lt;clinit&gt;(SystemUtils.java:817)
	... 25 more
... Removed 19 stack frames</pre></div><a href='#' onClick='toggleBox("stack-trace580673921", this, "Click to show all stack frames", "Click to hide stack frames")'>Click to show all stack frames</a>
<div class='stack-trace' id='stack-trace580673921'><pre>java.lang.ExceptionInInitializerError
	at io.github.bonigarcia.wdm.config.Config.defaultOsName(Config.java:346)
	at io.github.bonigarcia.wdm.config.Config.&lt;init&gt;(Config.java:103)
	at io.github.bonigarcia.wdm.WebDriverManager.&lt;init&gt;(WebDriverManager.java:189)
	at io.github.bonigarcia.wdm.managers.ChromeDriverManager.&lt;init&gt;(ChromeDriverManager.java:47)
	at io.github.bonigarcia.wdm.WebDriverManager.chromedriver(WebDriverManager.java:204)
	at common.BaseTest.LaunchBrowser(BaseTest.java:18)
	at java.base/jdk.internal.reflect.NativeMethodAccessorImpl.invoke0(Native Method)
	at java.base/jdk.internal.reflect.NativeMethodAccessorImpl.invoke(NativeMethodAccessorImpl.java:77)
	at java.base/jdk.internal.reflect.DelegatingMethodAccessorImpl.invoke(DelegatingMethodAccessorImpl.java:43)
	at java.base/java.lang.reflect.Method.invoke(Method.java:568)
	at org.testng.internal.MethodInvocationHelper.invokeMethod(MethodInvocationHelper.java:133)
	at org.testng.internal.MethodInvocationHelper.invokeMethodConsideringTimeout(MethodInvocationHelper.java:62)
	at org.testng.internal.ConfigInvoker.invokeConfigurationMethod(ConfigInvoker.java:385)
	at org.testng.internal.ConfigInvoker.invokeConfigurations(ConfigInvoker.java:321)
	at org.testng.SuiteRunner.privateRun(SuiteRunner.java:317)
	at org.testng.SuiteRunner.run(SuiteRunner.java:276)
	at org.testng.SuiteRunnerWorker.runSuite(SuiteRunnerWorker.java:53)
	at org.testng.SuiteRunnerWorker.run(SuiteRunnerWorker.java:96)
	at org.testng.TestNG.runSuitesSequentially(TestNG.java:1212)
	at org.testng.TestNG.runSuitesLocally(TestNG.java:1134)
	at org.testng.TestNG.runSuites(TestNG.java:1063)
	at org.testng.TestNG.run(TestNG.java:1031)
	at org.testng.remote.AbstractRemoteTestNG.run(AbstractRemoteTestNG.java:115)
	at org.testng.remote.RemoteTestNG.initAndRun(RemoteTestNG.java:251)
	at org.testng.remote.RemoteTestNG.main(RemoteTestNG.java:77)
Caused by: java.lang.StringIndexOutOfBoundsException: begin 0, end 3, length 2
	at java.base/java.lang.String.checkBoundsBeginEnd(String.java:4601)
	at java.base/java.lang.String.substring(String.java:2704)
	at org.apache.commons.lang.SystemUtils.getJavaVersionAsFloat(SystemUtils.java:1113)
	at org.apache.commons.lang.SystemUtils.&lt;clinit&gt;(SystemUtils.java:817)
	... 25 more
</pre></div></td>
<td>0</td>
<td>ui.ReportersTest@2cdd0d4b</td></tr>
<tr>
<td title='ui.ReportersTest.reporterTest3()'><b>reporterTest3</b><br>Test class: ui.ReportersTest<br/>
<a href="#Output-953082513" onClick='toggleBox("Output-953082513", this, "Show output", "Hide output");'>Show output</a>

<a href="#Output-953082513" onClick="toggleAllBoxes();">Show all outputs</a>
<div class='log' id="Output-953082513">
Method name is - reporterTest4<br/>
</div>
</td>
<td><div><pre>java.lang.ExceptionInInitializerError
	at io.github.bonigarcia.wdm.config.Config.defaultOsName(Config.java:346)
	at io.github.bonigarcia.wdm.config.Config.&lt;init&gt;(Config.java:103)
	at io.github.bonigarcia.wdm.WebDriverManager.&lt;init&gt;(WebDriverManager.java:189)
	at io.github.bonigarcia.wdm.managers.ChromeDriverManager.&lt;init&gt;(ChromeDriverManager.java:47)
	at io.github.bonigarcia.wdm.WebDriverManager.chromedriver(WebDriverManager.java:204)
	at common.BaseTest.LaunchBrowser(BaseTest.java:18)
Caused by: java.lang.StringIndexOutOfBoundsException: begin 0, end 3, length 2
	at java.base/java.lang.String.checkBoundsBeginEnd(String.java:4601)
	at java.base/java.lang.String.substring(String.java:2704)
	at org.apache.commons.lang.SystemUtils.getJavaVersionAsFloat(SystemUtils.java:1113)
	at org.apache.commons.lang.SystemUtils.&lt;clinit&gt;(SystemUtils.java:817)
	... 25 more
... Removed 19 stack frames</pre></div><a href='#' onClick='toggleBox("stack-trace953082513", this, "Click to show all stack frames", "Click to hide stack frames")'>Click to show all stack frames</a>
<div class='stack-trace' id='stack-trace953082513'><pre>java.lang.ExceptionInInitializerError
	at io.github.bonigarcia.wdm.config.Config.defaultOsName(Config.java:346)
	at io.github.bonigarcia.wdm.config.Config.&lt;init&gt;(Config.java:103)
	at io.github.bonigarcia.wdm.WebDriverManager.&lt;init&gt;(WebDriverManager.java:189)
	at io.github.bonigarcia.wdm.managers.ChromeDriverManager.&lt;init&gt;(ChromeDriverManager.java:47)
	at io.github.bonigarcia.wdm.WebDriverManager.chromedriver(WebDriverManager.java:204)
	at common.BaseTest.LaunchBrowser(BaseTest.java:18)
	at java.base/jdk.internal.reflect.NativeMethodAccessorImpl.invoke0(Native Method)
	at java.base/jdk.internal.reflect.NativeMethodAccessorImpl.invoke(NativeMethodAccessorImpl.java:77)
	at java.base/jdk.internal.reflect.DelegatingMethodAccessorImpl.invoke(DelegatingMethodAccessorImpl.java:43)
	at java.base/java.lang.reflect.Method.invoke(Method.java:568)
	at org.testng.internal.MethodInvocationHelper.invokeMethod(MethodInvocationHelper.java:133)
	at org.testng.internal.MethodInvocationHelper.invokeMethodConsideringTimeout(MethodInvocationHelper.java:62)
	at org.testng.internal.ConfigInvoker.invokeConfigurationMethod(ConfigInvoker.java:385)
	at org.testng.internal.ConfigInvoker.invokeConfigurations(ConfigInvoker.java:321)
	at org.testng.SuiteRunner.privateRun(SuiteRunner.java:317)
	at org.testng.SuiteRunner.run(SuiteRunner.java:276)
	at org.testng.SuiteRunnerWorker.runSuite(SuiteRunnerWorker.java:53)
	at org.testng.SuiteRunnerWorker.run(SuiteRunnerWorker.java:96)
	at org.testng.TestNG.runSuitesSequentially(TestNG.java:1212)
	at org.testng.TestNG.runSuitesLocally(TestNG.java:1134)
	at org.testng.TestNG.runSuites(TestNG.java:1063)
	at org.testng.TestNG.run(TestNG.java:1031)
	at org.testng.remote.AbstractRemoteTestNG.run(AbstractRemoteTestNG.java:115)
	at org.testng.remote.RemoteTestNG.initAndRun(RemoteTestNG.java:251)
	at org.testng.remote.RemoteTestNG.main(RemoteTestNG.java:77)
Caused by: java.lang.StringIndexOutOfBoundsException: begin 0, end 3, length 2
	at java.base/java.lang.String.checkBoundsBeginEnd(String.java:4601)
	at java.base/java.lang.String.substring(String.java:2704)
	at org.apache.commons.lang.SystemUtils.getJavaVersionAsFloat(SystemUtils.java:1113)
	at org.apache.commons.lang.SystemUtils.&lt;clinit&gt;(SystemUtils.java:817)
	... 25 more
</pre></div></td>
<td>0</td>
<td>ui.ReportersTest@2cdd0d4b</td></tr>
</table><p>
</body>
</html>