<?xml version="1.0" encoding="UTF-8"?>
<!-- Generated by org.testng.reporters.JUnitXMLReporter -->
<testsuite ignored="8" hostname="DESKTOP-346RFLV" failures="2" tests="10" name="Functional Testing" time="19.724" errors="0" timestamp="2021-11-22T11:32:48 EST">
  <testcase classname="ui.VerifyTitleAndTextTest2" name="titleTest" time="13.786">
    <failure type="java.lang.AssertionError" message="The following asserts failed:
	Title verification failed -- expected [Electronics, fty Cars, Fashion, Collectibles &amp;amp; More | eBay] but found [Electronics, Cars, Fashion, Collectibles &amp;amp; More | eBay],
	Text verification failed -- expected [xdds Search] but found [Search]">
      <![CDATA[java.lang.AssertionError: The following asserts failed:
Title verification failed -- expected [Electronics, fty Cars, Fashion, Collectibles & More | eBay] but found [Electronics, Cars, Fashion, Collectibles & More | eBay],
Text verification failed -- expected [xdds Search] but found [Search]
at ui.VerifyTitleAndTextTest2.titleTest(VerifyTitleAndTextTest2.java:38)
at java.base/java.util.ArrayList.forEach(ArrayList.java:1511)
... Removed 29 stack frames]]>
    </failure>
  </testcase> <!-- titleTest -->
  <testcase classname="ui.LoginTest" name="bTest1" time="0.005"/>
  <testcase classname="ui.LoginTest" name="aTest2" time="0.005"/>
  <testcase classname="ui.GroupsDemoTest" name="cTest3" time="0.002"/>
  <testcase classname="ui.GroupsDemoTest" name="dTest4" time="0.004"/>
  <testcase classname="ui.GroupsDemoTest" name="aTest1" time="0.007"/>
  <testcase classname="ui.GroupsDemoTest" name="bTest2" time="0.002"/>
  <testcase classname="ui.VerifyTitleTest" name="titleTest" time="5.774"/>
  <testcase classname="ui.SoftAssertTest" name="Test1" time="0.011">
    <failure type="java.lang.AssertionError" message="The following asserts failed:
	Test Failed-- expected [Welcome] but found [wel]">
      <![CDATA[java.lang.AssertionError: The following asserts failed:
Test Failed-- expected [Welcome] but found [wel]
at ui.SoftAssertTest.Test1(SoftAssertTest.java:17)
at java.base/java.util.ArrayList.forEach(ArrayList.java:1511)
... Removed 29 stack frames]]>
    </failure>
  </testcase> <!-- Test1 -->
  <testcase classname="ui.SoftAssertTest" name="Test2" time="0.004"/>
  <testcase classname="common.CommonDataSetup" name="@AfterSuite dataCleanup" time="0.0">
    <ignored/>
  </testcase> <!-- @AfterSuite dataCleanup -->
  <testcase classname="common.CommonDataSetup" name="@AfterSuite dataCleanup" time="0.0">
    <ignored/>
  </testcase> <!-- @AfterSuite dataCleanup -->
  <testcase classname="common.CommonDataSetup" name="@AfterSuite dataCleanup" time="0.0">
    <ignored/>
  </testcase> <!-- @AfterSuite dataCleanup -->
  <testcase classname="common.CommonDataSetup" name="@AfterSuite dataCleanup" time="0.0">
    <ignored/>
  </testcase> <!-- @AfterSuite dataCleanup -->
  <testcase classname="common.CommonDataSetup" name="@BeforeSuite dataSetup" time="0.0">
    <ignored/>
  </testcase> <!-- @BeforeSuite dataSetup -->
  <testcase classname="common.CommonDataSetup" name="@BeforeSuite dataSetup" time="0.0">
    <ignored/>
  </testcase> <!-- @BeforeSuite dataSetup -->
  <testcase classname="common.CommonDataSetup" name="@BeforeSuite dataSetup" time="0.0">
    <ignored/>
  </testcase> <!-- @BeforeSuite dataSetup -->
  <testcase classname="common.CommonDataSetup" name="@BeforeSuite dataSetup" time="0.0">
    <ignored/>
  </testcase> <!-- @BeforeSuite dataSetup -->
</testsuite> <!-- Functional Testing -->
