<?xml version="1.0" encoding="UTF-8"?>
<!-- Generated by org.testng.reporters.JUnitXMLReporter -->
<testsuite ignored="0" hostname="DESKTOP-346RFLV" failures="1" tests="4" name="Dependency Test" time="0.098" errors="0" timestamp="2021-11-30T11:33:59 EST">
  <testcase classname="ui.DependencyTestsDemo" name="UserRegistration" time="0.014">
    <failure type="java.lang.AssertionError" message="expected [true] but found [false]">
      <![CDATA[java.lang.AssertionError: expected [true] but found [false]
at ui.DependencyTestsDemo.UserRegistration(DependencyTestsDemo.java:14)
at java.base/java.util.ArrayList.forEach(ArrayList.java:1511)
... Removed 31 stack frames]]>
    </failure>
  </testcase> <!-- UserRegistration -->
  <testcase classname="ui.DependencyTestsDemo" name="reporterTest3" time="0.002"/>
  <testcase classname="ui.DependencyTestsDemo" name="reporterTest4" time="0.002"/>
  <testcase classname="ui.DependencyTestsDemo" name="UserSearch" time="0.0">
    <skipped/>
  </testcase> <!-- UserSearch -->
</testsuite> <!-- Dependency Test -->
