<?xml version="1.0" encoding="UTF-8"?>
<!-- Generated by org.testng.reporters.JUnitReportReporter -->
<testsuite hostname="DESKTOP-346RFLV" failures="0" tests="5" name="ui.ReportersTest" time="0.096" errors="1" timestamp="2021-12-01T13:07:30 EST" skipped="4">
  <testcase classname="ui.ReportersTest" name="reporterTest4" time="0.000">
    <skipped/>
  </testcase> <!-- reporterTest4 -->
  <system-out/>
  <testcase classname="ui.ReportersTest" name="reporterTest3" time="0.000">
    <skipped/>
  </testcase> <!-- reporterTest3 -->
  <system-out/>
  <testcase classname="ui.ReportersTest" name="reporterTest1" time="0.000">
    <skipped/>
  </testcase> <!-- reporterTest1 -->
  <system-out/>
  <testcase classname="ui.ReportersTest" name="reporterTest2" time="0.000">
    <skipped/>
  </testcase> <!-- reporterTest2 -->
  <system-out/>
  <testcase classname="ui.ReportersTest" name="LaunchBrowser" time="0.096">
    <error type="java.lang.ExceptionInInitializerError">
      <![CDATA[java.lang.ExceptionInInitializerError
at io.github.bonigarcia.wdm.config.Config.defaultOsName(Config.java:346)
at io.github.bonigarcia.wdm.config.Config.<init>(Config.java:103)
at io.github.bonigarcia.wdm.WebDriverManager.<init>(WebDriverManager.java:189)
at io.github.bonigarcia.wdm.managers.ChromeDriverManager.<init>(ChromeDriverManager.java:47)
at io.github.bonigarcia.wdm.WebDriverManager.chromedriver(WebDriverManager.java:204)
at common.BaseTest.LaunchBrowser(BaseTest.java:18)
at java.base/jdk.internal.reflect.NativeMethodAccessorImpl.invoke0(Native Method)
at java.base/jdk.internal.reflect.NativeMethodAccessorImpl.invoke(NativeMethodAccessorImpl.java:77)
at java.base/jdk.internal.reflect.DelegatingMethodAccessorImpl.invoke(DelegatingMethodAccessorImpl.java:43)
at java.base/java.lang.reflect.Method.invoke(Method.java:568)
at org.testng.internal.MethodInvocationHelper.invokeMethod(MethodInvocationHelper.java:133)
at org.testng.internal.MethodInvocationHelper.invokeMethodConsideringTimeout(MethodInvocationHelper.java:62)
at org.testng.internal.ConfigInvoker.invokeConfigurationMethod(ConfigInvoker.java:385)
at org.testng.internal.ConfigInvoker.invokeConfigurations(ConfigInvoker.java:321)
at org.testng.SuiteRunner.privateRun(SuiteRunner.java:317)
at org.testng.SuiteRunner.run(SuiteRunner.java:276)
at org.testng.SuiteRunnerWorker.runSuite(SuiteRunnerWorker.java:53)
at org.testng.SuiteRunnerWorker.run(SuiteRunnerWorker.java:96)
at org.testng.TestNG.runSuitesSequentially(TestNG.java:1212)
at org.testng.TestNG.runSuitesLocally(TestNG.java:1134)
at org.testng.TestNG.runSuites(TestNG.java:1063)
at org.testng.TestNG.run(TestNG.java:1031)
at org.testng.remote.AbstractRemoteTestNG.run(AbstractRemoteTestNG.java:115)
at org.testng.remote.RemoteTestNG.initAndRun(RemoteTestNG.java:251)
at org.testng.remote.RemoteTestNG.main(RemoteTestNG.java:77)
Caused by: java.lang.StringIndexOutOfBoundsException: begin 0, end 3, length 2
at java.base/java.lang.String.checkBoundsBeginEnd(String.java:4601)
at java.base/java.lang.String.substring(String.java:2704)
at org.apache.commons.lang.SystemUtils.getJavaVersionAsFloat(SystemUtils.java:1113)
at org.apache.commons.lang.SystemUtils.<clinit>(SystemUtils.java:817)
... 25 more
]]>
    </error>
  </testcase> <!-- LaunchBrowser -->
  <system-out/>
</testsuite> <!-- ui.ReportersTest -->
